<?xml version="1.0" encoding="UTF-8"?>
<!-- Generated by org.testng.reporters.JUnitXMLReporter -->
<testsuite ignored="0" hostname="DESKTOP-HIN4ESK" failures="0" tests="1" name="SelectbydepartmentTests" time="0.046" errors="0" timestamp="2024-09-15T20:02:47 IST">
  <testcase classname="Test.Selectbydepartmenttest" name="@BeforeTest beforetest" time="0.003">
    <failure type="java.lang.NullPointerException" message="Cannot invoke &amp;quot;org.openqa.selenium.WebDriver.findElement(org.openqa.selenium.By)&amp;quot; because &amp;quot;this.driver&amp;quot; is null">
      <![CDATA[java.lang.NullPointerException: Cannot invoke "org.openqa.selenium.WebDriver.findElement(org.openqa.selenium.By)" because "this.driver" is null
at Utility.utils.handleCountrySelection(utils.java:74)
at Test.Selectbydepartmenttest.beforetest(Selectbydepartmenttest.java:14)
... Removed 22 stack frames]]>
    </failure>
  </testcase> <!-- @BeforeTest beforetest -->
  <testcase classname="Test.Selectbydepartmenttest" name="addtocart" time="0.0">
    <skipped/>
  </testcase> <!-- addtocart -->
</testsuite> <!-- SelectbydepartmentTests -->
