<?xml version="1.0" encoding="UTF-8"?>
<!-- Generated by org.testng.reporters.JUnitXMLReporter -->
<testsuite ignored="0" hostname="DESKTOP-HIN4ESK" failures="0" tests="11" name="Test3" time="122.131" errors="0" timestamp="2024-09-20T19:09:45 IST">
  <testcase classname="Test.Bottomlinktest" name="bottommenu" time="5.992"/>
  <testcase classname="Test.Bottomlinktest" name="bottommenu" time="5.935"/>
  <testcase classname="Test.Bottomlinktest" name="bottommenu" time="8.503"/>
  <testcase classname="Test.Bottomlinktest" name="bottommenu" time="6.274"/>
  <testcase classname="Test.Bottomlinktest" name="bottommenu" time="7.053"/>
  <testcase classname="Test.Bottomlinktest" name="bottommenu" time="6.633"/>
  <testcase classname="Test.Bottomlinktest" name="bottommenu" time="6.202"/>
  <testcase classname="Test.Bottomlinktest" name="bottommenu" time="6.922"/>
  <testcase classname="Test.Bottomlinktest" name="bottommenu" time="6.089"/>
  <testcase classname="Test.Bottomlinktest" name="bottommenu" time="7.554"/>
  <testcase classname="Test.Searchbtncarttest" name="addtocart" time="32.127"/>
</testsuite> <!-- Test3 -->
