<html>
<head>
<title>TestNG:  Test2</title>
<link href="../testng.css" rel="stylesheet" type="text/css" />
<link href="../my-testng.css" rel="stylesheet" type="text/css" />

<style type="text/css">
.log { display: none;} 
.stack-trace { display: none;} 
</style>
<script type="text/javascript">
<!--
function flip(e) {
  current = e.style.display;
  if (current == 'block') {
    e.style.display = 'none';
    return 0;
  }
  else {
    e.style.display = 'block';
    return 1;
  }
}

function toggleBox(szDivId, elem, msg1, msg2)
{
  var res = -1;  if (document.getElementById) {
    res = flip(document.getElementById(szDivId));
  }
  else if (document.all) {
    // this is the way old msie versions work
    res = flip(document.all[szDivId]);
  }
  if(elem) {
    if(res == 0) elem.innerHTML = msg1; else elem.innerHTML = msg2;
  }

}

function toggleAllBoxes() {
  if (document.getElementsByTagName) {
    d = document.getElementsByTagName('div');
    for (i = 0; i < d.length; i++) {
      if (d[i].className == 'log') {
        flip(d[i]);
      }
    }
  }
}

// -->
</script>

</head>
<body>
<h2 align='center'>Test2</h2><table border='1' align="center">
<tr>
<td>Tests passed/Failed/Skipped:</td><td>14/1/0</td>
</tr><tr>
<td>Started on:</td><td>Sat Sep 21 16:19:50 IST 2024</td>
</tr>
<tr><td>Total time:</td><td>280 seconds (280833 ms)</td>
</tr><tr>
<td>Included groups:</td><td></td>
</tr><tr>
<td>Excluded groups:</td><td></td>
</tr>
</table><p/>
<small><i>(Hover the method name to see the test class name)</i></small><p/>
<table width='100%' border='1' class='invocation-failed'>
<tr><td colspan='4' align='center'><b>FAILED TESTS</b></td></tr>
<tr><td><b>Test method</b></td>
<td><b>Attribute(s)</b></td>
<td width="30%"><b>Exception</b></td>
<td width="10%"><b>Time (seconds)</b></td>
<td><b>Instance</b></td>
</tr>
<tr>
<td title='Test.LoginTest.logintest()'><b>logintest</b><br>Test class: Test.LoginTest<br>Test method: Login test<br>Parameters: arun@gmail.com, Validation@246810, //h1[.='Verify Your Account'], Verify Your Account</td>
<td><div><pre>org.openqa.selenium.TimeoutException: Expected condition failed: waiting for visibility of element located by By.xpath: //h1[.=&apos;Verify Your Account&apos;] (tried for 40 second(s) with 500 milliseconds interval)
Build info: version: &apos;4.18.1&apos;, revision: &apos;b1d3319b48&apos;
System info: os.name: &apos;Windows 11&apos;, os.arch: &apos;amd64&apos;, os.version: &apos;10.0&apos;, java.version: &apos;22.0.1&apos;
Driver info: org.openqa.selenium.chrome.ChromeDriver
Capabilities {acceptInsecureCerts: false, browserName: chrome, browserVersion: 128.0.6613.139, chrome: {chromedriverVersion: 128.0.6613.137 (fe621c5aa2d..., userDataDir: C:\Users\harin\AppData\Loca...}, fedcm:accounts: true, goog:chromeOptions: {debuggerAddress: localhost:50322}, networkConnectionEnabled: false, pageLoadStrategy: normal, platformName: windows, proxy: Proxy(), se:cdp: ws://localhost:50322/devtoo..., se:cdpVersion: 128.0.6613.139, setWindowRect: true, strictFileInteractability: false, timeouts: {implicit: 0, pageLoad: 300000, script: 30000}, unhandledPromptBehavior: dismiss and notify, webauthn:extension:credBlob: true, webauthn:extension:largeBlob: true, webauthn:extension:minPinLength: true, webauthn:extension:prf: true, webauthn:virtualAuthenticators: true}
Session ID: 21ce8117c6ab522804c2b00a5c6827fb
	at org.openqa.selenium.support.ui.WebDriverWait.timeoutException(WebDriverWait.java:84)
	at org.openqa.selenium.support.ui.FluentWait.until(FluentWait.java:228)
	at Utility.utils.actandexpec(utils.java:174)
	at Test.LoginTest.logintest(LoginTest.java:33)
	at java.base/java.util.ArrayList.forEach(ArrayList.java:1597)
... Removed 29 stack frames</pre></div><a href='#' onClick='toggleBox("stack-trace1538253297", this, "Click to show all stack frames", "Click to hide stack frames")'>Click to show all stack frames</a>
<div class='stack-trace' id='stack-trace1538253297'><pre>org.openqa.selenium.TimeoutException: Expected condition failed: waiting for visibility of element located by By.xpath: //h1[.=&apos;Verify Your Account&apos;] (tried for 40 second(s) with 500 milliseconds interval)
Build info: version: &apos;4.18.1&apos;, revision: &apos;b1d3319b48&apos;
System info: os.name: &apos;Windows 11&apos;, os.arch: &apos;amd64&apos;, os.version: &apos;10.0&apos;, java.version: &apos;22.0.1&apos;
Driver info: org.openqa.selenium.chrome.ChromeDriver
Capabilities {acceptInsecureCerts: false, browserName: chrome, browserVersion: 128.0.6613.139, chrome: {chromedriverVersion: 128.0.6613.137 (fe621c5aa2d..., userDataDir: C:\Users\harin\AppData\Loca...}, fedcm:accounts: true, goog:chromeOptions: {debuggerAddress: localhost:50322}, networkConnectionEnabled: false, pageLoadStrategy: normal, platformName: windows, proxy: Proxy(), se:cdp: ws://localhost:50322/devtoo..., se:cdpVersion: 128.0.6613.139, setWindowRect: true, strictFileInteractability: false, timeouts: {implicit: 0, pageLoad: 300000, script: 30000}, unhandledPromptBehavior: dismiss and notify, webauthn:extension:credBlob: true, webauthn:extension:largeBlob: true, webauthn:extension:minPinLength: true, webauthn:extension:prf: true, webauthn:virtualAuthenticators: true}
Session ID: 21ce8117c6ab522804c2b00a5c6827fb
	at org.openqa.selenium.support.ui.WebDriverWait.timeoutException(WebDriverWait.java:84)
	at org.openqa.selenium.support.ui.FluentWait.until(FluentWait.java:228)
	at Utility.utils.actandexpec(utils.java:174)
	at Test.LoginTest.logintest(LoginTest.java:33)
	at java.base/jdk.internal.reflect.DirectMethodHandleAccessor.invoke(DirectMethodHandleAccessor.java:103)
	at java.base/java.lang.reflect.Method.invoke(Method.java:580)
	at org.testng.internal.invokers.MethodInvocationHelper.invokeMethod(MethodInvocationHelper.java:141)
	at org.testng.internal.invokers.TestInvoker.invokeMethod(TestInvoker.java:686)
	at org.testng.internal.invokers.TestInvoker.invokeTestMethod(TestInvoker.java:230)
	at org.testng.internal.invokers.MethodRunner.runInSequence(MethodRunner.java:63)
	at org.testng.internal.invokers.TestInvoker$MethodInvocationAgent.invoke(TestInvoker.java:992)
	at org.testng.internal.invokers.TestInvoker.invokeTestMethods(TestInvoker.java:203)
	at org.testng.internal.invokers.TestMethodWorker.invokeTestMethods(TestMethodWorker.java:154)
	at org.testng.internal.invokers.TestMethodWorker.run(TestMethodWorker.java:134)
	at java.base/java.util.ArrayList.forEach(ArrayList.java:1597)
	at org.testng.TestRunner.privateRun(TestRunner.java:739)
	at org.testng.TestRunner.run(TestRunner.java:614)
	at org.testng.SuiteRunner.runTest(SuiteRunner.java:421)
	at org.testng.SuiteRunner.runSequentially(SuiteRunner.java:413)
	at org.testng.SuiteRunner.privateRun(SuiteRunner.java:373)
	at org.testng.SuiteRunner.run(SuiteRunner.java:312)
	at org.testng.SuiteRunnerWorker.runSuite(SuiteRunnerWorker.java:52)
	at org.testng.SuiteRunnerWorker.run(SuiteRunnerWorker.java:95)
	at org.testng.TestNG.runSuitesSequentially(TestNG.java:1274)
	at org.testng.TestNG.runSuitesLocally(TestNG.java:1208)
	at org.testng.TestNG.runSuites(TestNG.java:1112)
	at org.testng.TestNG.run(TestNG.java:1079)
	at org.apache.maven.surefire.testng.TestNGExecutor.run(TestNGExecutor.java:284)
	at org.apache.maven.surefire.testng.TestNGXmlTestSuite.execute(TestNGXmlTestSuite.java:75)
	at org.apache.maven.surefire.testng.TestNGProvider.invoke(TestNGProvider.java:119)
	at org.apache.maven.surefire.booter.ForkedBooter.runSuitesInProcess(ForkedBooter.java:428)
	at org.apache.maven.surefire.booter.ForkedBooter.execute(ForkedBooter.java:162)
	at org.apache.maven.surefire.booter.ForkedBooter.run(ForkedBooter.java:562)
	at org.apache.maven.surefire.booter.ForkedBooter.main(ForkedBooter.java:548)
</pre></div></td>
<td>49</td>
<td>Test.LoginTest@4982cc36</td></tr>
</table><p>
<table width='100%' border='1' class='invocation-passed'>
<tr><td colspan='4' align='center'><b>PASSED TESTS</b></td></tr>
<tr><td><b>Test method</b></td>
<td><b>Attribute(s)</b></td>
<td width="30%"><b>Exception</b></td>
<td width="10%"><b>Time (seconds)</b></td>
<td><b>Instance</b></td>
</tr>
<tr>
<td title='Test.Topmenutest.tomenu()'><b>tomenu</b><br>Test class: Test.Topmenutest<br>Test method: Top buttons in url check<br>Parameters: //span[.='Cart'], Cart - Best Buy</td>
<td></td>
<td>14</td>
<td>Test.Topmenutest@691939c9</td></tr>
<tr>
<td title='Test.Topmenutest.tomenu()'><b>tomenu</b><br>Test class: Test.Topmenutest<br>Test method: Top buttons in url check<br>Parameters: //a[@class='utility-menu-flyout-list-item'][.='Gift Cards'][1], Gifts Cards and E-Gift Cards - Best Buy</td>
<td></td>
<td>20</td>
<td>Test.Topmenutest@691939c9</td></tr>
<tr>
<td title='Test.Topmenutest.tomenu()'><b>tomenu</b><br>Test class: Test.Topmenutest<br>Test method: Top buttons in url check<br>Parameters: //a[.='Yes, Best Buy Sells That'][1], Yes, Best Buy Sells That – Best Buy</td>
<td></td>
<td>10</td>
<td>Test.Topmenutest@691939c9</td></tr>
<tr>
<td title='Test.LoginTest.logintest()'><b>logintest</b><br>Test class: Test.LoginTest<br>Test method: Login test<br>Parameters: arun@gmail.com, , //p[normalize-space()='Please enter your password.'], Please enter your password.</td>
<td></td>
<td>14</td>
<td>Test.LoginTest@4982cc36</td></tr>
<tr>
<td title='Test.Topmenutest.tomenu()'><b>tomenu</b><br>Test class: Test.Topmenutest<br>Test method: Top buttons in url check<br>Parameters: //a[@class='utility-menu-flyout-list-item'][.='Credit Cards'][1], Best Buy Credit Card: Rewards & Financing</td>
<td></td>
<td>20</td>
<td>Test.Topmenutest@691939c9</td></tr>
<tr>
<td title='Test.Topmenutest.tomenu()'><b>tomenu</b><br>Test class: Test.Topmenutest<br>Test method: Top buttons in url check<br>Parameters: (//a[.='Best Buy Business'])[1], Best Buy for Business - Best Buy</td>
<td></td>
<td>11</td>
<td>Test.Topmenutest@691939c9</td></tr>
<tr>
<td title='Test.LoginTest.logintest()'><b>logintest</b><br>Test class: Test.LoginTest<br>Test method: Login test<br>Parameters: arun@gmail.com, Validation@246810, //strong[normalize-space()='Sorry, something went wrong. Please try again.'], Sorry, something went wrong. Please try again.</td>
<td></td>
<td>17</td>
<td>Test.LoginTest@4982cc36</td></tr>
<tr>
<td title='Test.Topmenutest.tomenu()'><b>tomenu</b><br>Test class: Test.Topmenutest<br>Test method: Top buttons in url check<br>Parameters: //a[.='Deal of the Day'][1], Deal of the Day: Electronics Deals - Best Buy</td>
<td></td>
<td>11</td>
<td>Test.Topmenutest@691939c9</td></tr>
<tr>
<td title='Test.LoginTest.logintest()'><b>logintest</b><br>Test class: Test.LoginTest<br>Test method: Login test<br>Parameters: , Validation@246810, //p[normalize-space()='Please enter a valid email address.'], Please enter a valid email address.</td>
<td></td>
<td>12</td>
<td>Test.LoginTest@4982cc36</td></tr>
<tr>
<td title='Test.Topmenutest.tomenu()'><b>tomenu</b><br>Test class: Test.Topmenutest<br>Test method: Top buttons in url check<br>Parameters: (//a[normalize-space()='Best Buy Outlet'])[1], Best Buy Outlet: Clearance Electronics Outlet Store – Best Buy</td>
<td></td>
<td>10</td>
<td>Test.Topmenutest@691939c9</td></tr>
<tr>
<td title='Test.Topmenutest.tomenu()'><b>tomenu</b><br>Test class: Test.Topmenutest<br>Test method: Top buttons in url check<br>Parameters: (//a[normalize-space()='Top Deals'])[1], Best Buy Top Deals</td>
<td></td>
<td>11</td>
<td>Test.Topmenutest@691939c9</td></tr>
<tr>
<td title='Test.Topmenutest.tomenu()'><b>tomenu</b><br>Test class: Test.Topmenutest<br>Test method: Top buttons in url check<br>Parameters: (//a[@class='universal-nav-link'][normalize-space()='Connect with an Expert'])[1], Shop with an Expert - Best Buy</td>
<td></td>
<td>12</td>
<td>Test.Topmenutest@691939c9</td></tr>
<tr>
<td title='Test.Topmenutest.tomenu()'><b>tomenu</b><br>Test class: Test.Topmenutest<br>Test method: Top buttons in url check<br>Parameters: //a[@class='utility-menu-flyout-list-item'][.='Gift Ideas'][1], Gift Ideas 2024: Best Gifts to Give This Year - Best Buy</td>
<td></td>
<td>21</td>
<td>Test.Topmenutest@691939c9</td></tr>
<tr>
<td title='Test.Topmenutest.tomenu()'><b>tomenu</b><br>Test class: Test.Topmenutest<br>Test method: Top buttons in url check<br>Parameters: (//a[@class='bottom-left-links '][.='My Best Buy Memberships'])[1], My Best Buy Memberships</td>
<td></td>
<td>10</td>
<td>Test.Topmenutest@691939c9</td></tr>
</table><p>
</body>
</html>