<?xml version="1.0" encoding="UTF-8"?>
<!-- Generated by org.testng.reporters.JUnitXMLReporter -->
<testsuite ignored="0" hostname="DESKTOP-HIN4ESK" failures="0" tests="11" name="Test3" time="115.648" errors="0" timestamp="2024-09-21T16:26:27 IST">
  <testcase classname="Test.Bottomlinktest" name="bottommenu" time="7.144"/>
  <testcase classname="Test.Bottomlinktest" name="bottommenu" time="6.594"/>
  <testcase classname="Test.Bottomlinktest" name="bottommenu" time="7.774"/>
  <testcase classname="Test.Bottomlinktest" name="bottommenu" time="7.294"/>
  <testcase classname="Test.Bottomlinktest" name="bottommenu" time="7.342"/>
  <testcase classname="Test.Bottomlinktest" name="bottommenu" time="7.396"/>
  <testcase classname="Test.Bottomlinktest" name="bottommenu" time="6.68"/>
  <testcase classname="Test.Bottomlinktest" name="bottommenu" time="6.517"/>
  <testcase classname="Test.Bottomlinktest" name="bottommenu" time="6.586"/>
  <testcase classname="Test.Bottomlinktest" name="bottommenu" time="6.853"/>
  <testcase classname="Test.Searchbtncarttest" name="addtocart" time="24.607"/>
</testsuite> <!-- Test3 -->
