<?xml version="1.0" encoding="UTF-8"?>
<testsuite xmlns:xsi="http://www.w3.org/2001/XMLSchema-instance" xsi:noNamespaceSchemaLocation="https://maven.apache.org/surefire/maven-surefire-plugin/xsd/surefire-test-report-3.0.xsd" version="3.0" name="TestSuite" time="709.014" tests="39" errors="0" skipped="0" failures="3">
  <properties>
[...]
</properties>
  <testcase name="brokencurrenturl" classname="Test.urltest" time="9.284">
    <system-out><![CDATA[Driver initialized: true
Title of page: Best Buy International: Select your Country - Best Buy
Url of page: https://www.bestbuy.com/
Working URL: https://www.bestbuy.com/ (Response message :   OK)
Given URL is not a broken URL.
]]></system-out>
    <system-err><![CDATA[[main] INFO io.github.bonigarcia.wdm.WebDriverManager - Using chromedriver 128.0.6613.137 (resolved driver for Chrome 128)
[main] INFO io.github.bonigarcia.wdm.WebDriverManager - Exporting webdriver.chrome.driver as C:\Users\harin\.cache\selenium\chromedriver\win64\128.0.6613.137\chromedriver.exe
Sept 21, 2024 4:16:55 PM org.openqa.selenium.devtools.CdpVersionFinder findNearestMatch
WARNING: Unable to find CDP implementation matching 128
Sept 21, 2024 4:16:55 PM org.openqa.selenium.chromium.ChromiumDriver lambda$new$5
WARNING: Unable to find version of CDP to use for 128.0.6613.139. You may need to include a dependency on a specific version of the CDP using something similar to `org.seleniumhq.selenium:selenium-devtools-v86:4.18.1` where the version ("v86") matches the version of the chromium-based browser you're using and the version number of the artifact is the same as Selenium's.
]]></system-err>
  </testcase>
  <testcase name="signup[Arun1, , arun@gmail.com, Validation@246810, Validation@246810, 6.789012346E9, //p[normalize-space()=&apos;Please enter your last name.&apos;], Please enter your last name.](1)" classname="Test.Signuptest" time="11.522">
    <system-out><![CDATA[Driver initialized: true
Selected United States.
Test Passed: Actual text: Please enter your last name. | Expected text: Please enter your last name.
]]></system-out>
    <system-err><![CDATA[[main] INFO io.github.bonigarcia.wdm.WebDriverManager - Using chromedriver 128.0.6613.137 (resolved driver for Chrome 128)
[main] INFO io.github.bonigarcia.wdm.WebDriverManager - Exporting webdriver.chrome.driver as C:\Users\harin\.cache\selenium\chromedriver\win64\128.0.6613.137\chromedriver.exe
Sept 21, 2024 4:17:08 PM org.openqa.selenium.devtools.CdpVersionFinder findNearestMatch
WARNING: Unable to find CDP implementation matching 128
Sept 21, 2024 4:17:08 PM org.openqa.selenium.chromium.ChromiumDriver lambda$new$5
WARNING: Unable to find version of CDP to use for 128.0.6613.139. You may need to include a dependency on a specific version of the CDP using something similar to `org.seleniumhq.selenium:selenium-devtools-v86:4.18.1` where the version ("v86") matches the version of the chromium-based browser you're using and the version number of the artifact is the same as Selenium's.
]]></system-err>
  </testcase>
  <testcase name="signup[Arun2, K, arun@gmail, Validation@246810, Validation@246810, 6.789012347E9, //p[normalize-space()=&apos;Please enter a valid email address.&apos;], Please enter a valid email address.](2)" classname="Test.Signuptest" time="12.466">
    <system-out><![CDATA[Driver initialized: true
Selected United States.
Test Passed: Actual text: Please enter a valid email address. | Expected text: Please enter a valid email address.
]]></system-out>
    <system-err><![CDATA[[main] INFO io.github.bonigarcia.wdm.WebDriverManager - Using chromedriver 128.0.6613.137 (resolved driver for Chrome 128)
[main] INFO io.github.bonigarcia.wdm.WebDriverManager - Exporting webdriver.chrome.driver as C:\Users\harin\.cache\selenium\chromedriver\win64\128.0.6613.137\chromedriver.exe
Sept 21, 2024 4:17:23 PM org.openqa.selenium.devtools.CdpVersionFinder findNearestMatch
WARNING: Unable to find CDP implementation matching 128
Sept 21, 2024 4:17:23 PM org.openqa.selenium.chromium.ChromiumDriver lambda$new$5
WARNING: Unable to find version of CDP to use for 128.0.6613.139. You may need to include a dependency on a specific version of the CDP using something similar to `org.seleniumhq.selenium:selenium-devtools-v86:4.18.1` where the version ("v86") matches the version of the chromium-based browser you're using and the version number of the artifact is the same as Selenium's.
]]></system-err>
  </testcase>
  <testcase name="signup[Arun3, K, arun@gmail.com, Validation@246810, Validation@246, 6.789012348E9, //p[normalize-space()=&apos;Passwords do not match.&apos;], Passwords do not match.](3)" classname="Test.Signuptest" time="11.249">
    <system-out><![CDATA[Driver initialized: true
Selected United States.
Test Passed: Actual text: Passwords do not match. | Expected text: Passwords do not match.
]]></system-out>
    <system-err><![CDATA[[main] INFO io.github.bonigarcia.wdm.WebDriverManager - Using chromedriver 128.0.6613.137 (resolved driver for Chrome 128)
[main] INFO io.github.bonigarcia.wdm.WebDriverManager - Exporting webdriver.chrome.driver as C:\Users\harin\.cache\selenium\chromedriver\win64\128.0.6613.137\chromedriver.exe
Sept 21, 2024 4:17:37 PM org.openqa.selenium.devtools.CdpVersionFinder findNearestMatch
WARNING: Unable to find CDP implementation matching 128
Sept 21, 2024 4:17:37 PM org.openqa.selenium.chromium.ChromiumDriver lambda$new$5
WARNING: Unable to find version of CDP to use for 128.0.6613.139. You may need to include a dependency on a specific version of the CDP using something similar to `org.seleniumhq.selenium:selenium-devtools-v86:4.18.1` where the version ("v86") matches the version of the chromium-based browser you're using and the version number of the artifact is the same as Selenium's.
]]></system-err>
  </testcase>
  <testcase name="signup[Arun4, K, arun@gmail.com, Va, Va, 6.789012349E9, //p[normalize-space()=&apos;Please enter a strong password.&apos;], Please enter a strong password.](4)" classname="Test.Signuptest" time="12.196">
    <system-out><![CDATA[Driver initialized: true
Selected United States.
Test Passed: Actual text: Please enter a strong password. | Expected text: Please enter a strong password.
]]></system-out>
    <system-err><![CDATA[[main] INFO io.github.bonigarcia.wdm.WebDriverManager - Using chromedriver 128.0.6613.137 (resolved driver for Chrome 128)
[main] INFO io.github.bonigarcia.wdm.WebDriverManager - Exporting webdriver.chrome.driver as C:\Users\harin\.cache\selenium\chromedriver\win64\128.0.6613.137\chromedriver.exe
Sept 21, 2024 4:17:51 PM org.openqa.selenium.devtools.CdpVersionFinder findNearestMatch
WARNING: Unable to find CDP implementation matching 128
Sept 21, 2024 4:17:51 PM org.openqa.selenium.chromium.ChromiumDriver lambda$new$5
WARNING: Unable to find version of CDP to use for 128.0.6613.139. You may need to include a dependency on a specific version of the CDP using something similar to `org.seleniumhq.selenium:selenium-devtools-v86:4.18.1` where the version ("v86") matches the version of the chromium-based browser you're using and the version number of the artifact is the same as Selenium's.
]]></system-err>
  </testcase>
  <testcase name="signup[Arun5, K, arun@gmail.com, Validation@246810, Validation@246810, 67890.0, //p[normalize-space()=&apos;Please enter a valid mobile phone number.&apos;], Please enter a valid mobile phone number.](5)" classname="Test.Signuptest" time="10.05">
    <system-out><![CDATA[Driver initialized: true
Selected United States.
Test Passed: Actual text: Please enter a valid mobile phone number. | Expected text: Please enter a valid mobile phone number.
]]></system-out>
    <system-err><![CDATA[[main] INFO io.github.bonigarcia.wdm.WebDriverManager - Using chromedriver 128.0.6613.137 (resolved driver for Chrome 128)
[main] INFO io.github.bonigarcia.wdm.WebDriverManager - Exporting webdriver.chrome.driver as C:\Users\harin\.cache\selenium\chromedriver\win64\128.0.6613.137\chromedriver.exe
Sept 21, 2024 4:18:06 PM org.openqa.selenium.devtools.CdpVersionFinder findNearestMatch
WARNING: Unable to find CDP implementation matching 128
Sept 21, 2024 4:18:06 PM org.openqa.selenium.chromium.ChromiumDriver lambda$new$5
WARNING: Unable to find version of CDP to use for 128.0.6613.139. You may need to include a dependency on a specific version of the CDP using something similar to `org.seleniumhq.selenium:selenium-devtools-v86:4.18.1` where the version ("v86") matches the version of the chromium-based browser you're using and the version number of the artifact is the same as Selenium's.
]]></system-err>
  </testcase>
  <testcase name="signup[Arun6, K, arun@gmail.com, Validation@246810, Validation@246810, 6.789012351E9, //p[normalize-space()=&apos;Please enter a valid email address.&apos;], Please enter a valid email address.](6)" classname="Test.Signuptest" time="50.683">
    <failure message="Expected condition failed: waiting for visibility of element located by By.xpath: //p[normalize-space()=&apos;Please enter a valid email address.&apos;] (tried for 40 second(s) with 500 milliseconds interval)&#10;Build info: version: &apos;4.18.1&apos;, revision: &apos;b1d3319b48&apos;&#10;System info: os.name: &apos;Windows 11&apos;, os.arch: &apos;amd64&apos;, os.version: &apos;10.0&apos;, java.version: &apos;22.0.1&apos;&#10;Driver info: org.openqa.selenium.chrome.ChromeDriver&#10;Capabilities {acceptInsecureCerts: false, browserName: chrome, browserVersion: 128.0.6613.139, chrome: {chromedriverVersion: 128.0.6613.137 (fe621c5aa2d..., userDataDir: C:\Users\harin\AppData\Loca...}, fedcm:accounts: true, goog:chromeOptions: {debuggerAddress: localhost:49152}, networkConnectionEnabled: false, pageLoadStrategy: normal, platformName: windows, proxy: Proxy(), se:cdp: ws://localhost:49152/devtoo..., se:cdpVersion: 128.0.6613.139, setWindowRect: true, strictFileInteractability: false, timeouts: {implicit: 0, pageLoad: 300000, script: 30000}, unhandledPromptBehavior: dismiss and notify, webauthn:extension:credBlob: true, webauthn:extension:largeBlob: true, webauthn:extension:minPinLength: true, webauthn:extension:prf: true, webauthn:virtualAuthenticators: true}&#10;Session ID: 619f2f177ef4df5a8d9956a52d9fe419" type="org.openqa.selenium.TimeoutException"><![CDATA[org.openqa.selenium.TimeoutException: 
Expected condition failed: waiting for visibility of element located by By.xpath: //p[normalize-space()='Please enter a valid email address.'] (tried for 40 second(s) with 500 milliseconds interval)
Build info: version: '4.18.1', revision: 'b1d3319b48'
System info: os.name: 'Windows 11', os.arch: 'amd64', os.version: '10.0', java.version: '22.0.1'
Driver info: org.openqa.selenium.chrome.ChromeDriver
Capabilities {acceptInsecureCerts: false, browserName: chrome, browserVersion: 128.0.6613.139, chrome: {chromedriverVersion: 128.0.6613.137 (fe621c5aa2d..., userDataDir: C:\Users\harin\AppData\Loca...}, fedcm:accounts: true, goog:chromeOptions: {debuggerAddress: localhost:49152}, networkConnectionEnabled: false, pageLoadStrategy: normal, platformName: windows, proxy: Proxy(), se:cdp: ws://localhost:49152/devtoo..., se:cdpVersion: 128.0.6613.139, setWindowRect: true, strictFileInteractability: false, timeouts: {implicit: 0, pageLoad: 300000, script: 30000}, unhandledPromptBehavior: dismiss and notify, webauthn:extension:credBlob: true, webauthn:extension:largeBlob: true, webauthn:extension:minPinLength: true, webauthn:extension:prf: true, webauthn:virtualAuthenticators: true}
Session ID: 619f2f177ef4df5a8d9956a52d9fe419
	at Test.Signuptest.signup(Signuptest.java:30)
]]></failure>
    <system-out><![CDATA[Driver initialized: true
Selected United States.
ScreenshotC:\Users\harin\eclipse-workspace\Capstone_1\Screenshots\signup_Chrome_2024-09-21_16-19-09.png
C:\Users\harin\eclipse-workspace\Capstone_1\Screenshots\signup_Chrome_2024-09-21_16-19-09.png
]]></system-out>
    <system-err><![CDATA[[main] INFO io.github.bonigarcia.wdm.WebDriverManager - Using chromedriver 128.0.6613.137 (resolved driver for Chrome 128)
[main] INFO io.github.bonigarcia.wdm.WebDriverManager - Exporting webdriver.chrome.driver as C:\Users\harin\.cache\selenium\chromedriver\win64\128.0.6613.137\chromedriver.exe
Sept 21, 2024 4:18:18 PM org.openqa.selenium.devtools.CdpVersionFinder findNearestMatch
WARNING: Unable to find CDP implementation matching 128
Sept 21, 2024 4:18:18 PM org.openqa.selenium.chromium.ChromiumDriver lambda$new$5
WARNING: Unable to find version of CDP to use for 128.0.6613.139. You may need to include a dependency on a specific version of the CDP using something similar to `org.seleniumhq.selenium:selenium-devtools-v86:4.18.1` where the version ("v86") matches the version of the chromium-based browser you're using and the version number of the artifact is the same as Selenium's.
]]></system-err>
  </testcase>
  <testcase name="signup[Arun7, K, arun@gmail.com, , Validation@246810, 6.789012352E9, //p[normalize-space()=&apos;Please enter a strong password.&apos;], Please enter a strong password.](7)" classname="Test.Signuptest" time="11.051">
    <system-out><![CDATA[Driver initialized: true
Selected United States.
Test Passed: Actual text: Please enter a strong password. | Expected text: Please enter a strong password.
]]></system-out>
    <system-err><![CDATA[[main] INFO io.github.bonigarcia.wdm.WebDriverManager - Using chromedriver 128.0.6613.137 (resolved driver for Chrome 128)
[main] INFO io.github.bonigarcia.wdm.WebDriverManager - Exporting webdriver.chrome.driver as C:\Users\harin\.cache\selenium\chromedriver\win64\128.0.6613.137\chromedriver.exe
Sept 21, 2024 4:19:10 PM org.openqa.selenium.devtools.CdpVersionFinder findNearestMatch
WARNING: Unable to find CDP implementation matching 128
Sept 21, 2024 4:19:10 PM org.openqa.selenium.chromium.ChromiumDriver lambda$new$5
WARNING: Unable to find version of CDP to use for 128.0.6613.139. You may need to include a dependency on a specific version of the CDP using something similar to `org.seleniumhq.selenium:selenium-devtools-v86:4.18.1` where the version ("v86") matches the version of the chromium-based browser you're using and the version number of the artifact is the same as Selenium's.
]]></system-err>
  </testcase>
  <testcase name="signup[Arun8, K, arun@gmail.com, Validation@246810, Validation@246810, 6.789012353E9, //strong[normalize-space()=&apos;Sorry, there was a problem creating your account.&apos;], Sorry, there was a problem creating your account.](8)" classname="Test.Signuptest" time="11.804">
    <system-out><![CDATA[Driver initialized: true
Selected United States.
Test Passed: Actual text: Sorry, there was a problem creating your account. | Expected text: Sorry, there was a problem creating your account.
]]></system-out>
    <system-err><![CDATA[[main] INFO io.github.bonigarcia.wdm.WebDriverManager - Using chromedriver 128.0.6613.137 (resolved driver for Chrome 128)
[main] INFO io.github.bonigarcia.wdm.WebDriverManager - Exporting webdriver.chrome.driver as C:\Users\harin\.cache\selenium\chromedriver\win64\128.0.6613.137\chromedriver.exe
Sept 21, 2024 4:19:23 PM org.openqa.selenium.devtools.CdpVersionFinder findNearestMatch
WARNING: Unable to find CDP implementation matching 128
Sept 21, 2024 4:19:23 PM org.openqa.selenium.chromium.ChromiumDriver lambda$new$5
WARNING: Unable to find version of CDP to use for 128.0.6613.139. You may need to include a dependency on a specific version of the CDP using something similar to `org.seleniumhq.selenium:selenium-devtools-v86:4.18.1` where the version ("v86") matches the version of the chromium-based browser you're using and the version number of the artifact is the same as Selenium's.
]]></system-err>
  </testcase>
  <testcase name="signup[, K, arun@gmail.com, Validation@246810, Validation@246810, 6.789012345E9, //p[normalize-space()=&apos;Please enter your first name.&apos;], Please enter your first name.](9)" classname="Test.Signuptest" time="12.492">
    <system-out><![CDATA[Driver initialized: true
Selected United States.
Test Passed: Actual text: Please enter your first name. | Expected text: Please enter your first name.
]]></system-out>
    <system-err><![CDATA[[main] INFO io.github.bonigarcia.wdm.WebDriverManager - Using chromedriver 128.0.6613.137 (resolved driver for Chrome 128)
[main] INFO io.github.bonigarcia.wdm.WebDriverManager - Exporting webdriver.chrome.driver as C:\Users\harin\.cache\selenium\chromedriver\win64\128.0.6613.137\chromedriver.exe
Sept 21, 2024 4:19:36 PM org.openqa.selenium.devtools.CdpVersionFinder findNearestMatch
WARNING: Unable to find CDP implementation matching 128
Sept 21, 2024 4:19:36 PM org.openqa.selenium.chromium.ChromiumDriver lambda$new$5
WARNING: Unable to find version of CDP to use for 128.0.6613.139. You may need to include a dependency on a specific version of the CDP using something similar to `org.seleniumhq.selenium:selenium-devtools-v86:4.18.1` where the version ("v86") matches the version of the chromium-based browser you're using and the version number of the artifact is the same as Selenium's.
]]></system-err>
  </testcase>
  <testcase name="logintest[arun@gmail.com, , //p[normalize-space()=&apos;Please enter your password.&apos;], Please enter your password.](1)" classname="Test.LoginTest" time="14.313">
    <system-out><![CDATA[Driver initialized: true
Selected United States.
Test Passed: Actual text: Please enter your password. | Expected text: Please enter your password.
]]></system-out>
    <system-err><![CDATA[[main] INFO io.github.bonigarcia.wdm.WebDriverManager - Using chromedriver 128.0.6613.137 (resolved driver for Chrome 128)
[main] INFO io.github.bonigarcia.wdm.WebDriverManager - Exporting webdriver.chrome.driver as C:\Users\harin\.cache\selenium\chromedriver\win64\128.0.6613.137\chromedriver.exe
Sept 21, 2024 4:19:51 PM org.openqa.selenium.devtools.CdpVersionFinder findNearestMatch
WARNING: Unable to find CDP implementation matching 128
Sept 21, 2024 4:19:51 PM org.openqa.selenium.chromium.ChromiumDriver lambda$new$5
WARNING: Unable to find version of CDP to use for 128.0.6613.139. You may need to include a dependency on a specific version of the CDP using something similar to `org.seleniumhq.selenium:selenium-devtools-v86:4.18.1` where the version ("v86") matches the version of the chromium-based browser you're using and the version number of the artifact is the same as Selenium's.
]]></system-err>
  </testcase>
  <testcase name="logintest[, Validation@246810, //p[normalize-space()=&apos;Please enter a valid email address.&apos;], Please enter a valid email address.](2)" classname="Test.LoginTest" time="12.219">
    <system-out><![CDATA[Driver initialized: true
Selected United States.
Test Passed: Actual text: Please enter a valid email address. | Expected text: Please enter a valid email address.
]]></system-out>
    <system-err><![CDATA[[main] INFO io.github.bonigarcia.wdm.WebDriverManager - Using chromedriver 128.0.6613.137 (resolved driver for Chrome 128)
[main] INFO io.github.bonigarcia.wdm.WebDriverManager - Exporting webdriver.chrome.driver as C:\Users\harin\.cache\selenium\chromedriver\win64\128.0.6613.137\chromedriver.exe
Sept 21, 2024 4:20:09 PM org.openqa.selenium.devtools.CdpVersionFinder findNearestMatch
WARNING: Unable to find CDP implementation matching 128
Sept 21, 2024 4:20:09 PM org.openqa.selenium.chromium.ChromiumDriver lambda$new$5
WARNING: Unable to find version of CDP to use for 128.0.6613.139. You may need to include a dependency on a specific version of the CDP using something similar to `org.seleniumhq.selenium:selenium-devtools-v86:4.18.1` where the version ("v86") matches the version of the chromium-based browser you're using and the version number of the artifact is the same as Selenium's.
]]></system-err>
  </testcase>
  <testcase name="logintest[arun@gmail.com, Validation@246810, //h1[.=&apos;Verify Your Account&apos;], Verify Your Account](3)" classname="Test.LoginTest" time="49.892">
    <failure message="Expected condition failed: waiting for visibility of element located by By.xpath: //h1[.=&apos;Verify Your Account&apos;] (tried for 40 second(s) with 500 milliseconds interval)&#10;Build info: version: &apos;4.18.1&apos;, revision: &apos;b1d3319b48&apos;&#10;System info: os.name: &apos;Windows 11&apos;, os.arch: &apos;amd64&apos;, os.version: &apos;10.0&apos;, java.version: &apos;22.0.1&apos;&#10;Driver info: org.openqa.selenium.chrome.ChromeDriver&#10;Capabilities {acceptInsecureCerts: false, browserName: chrome, browserVersion: 128.0.6613.139, chrome: {chromedriverVersion: 128.0.6613.137 (fe621c5aa2d..., userDataDir: C:\Users\harin\AppData\Loca...}, fedcm:accounts: true, goog:chromeOptions: {debuggerAddress: localhost:50322}, networkConnectionEnabled: false, pageLoadStrategy: normal, platformName: windows, proxy: Proxy(), se:cdp: ws://localhost:50322/devtoo..., se:cdpVersion: 128.0.6613.139, setWindowRect: true, strictFileInteractability: false, timeouts: {implicit: 0, pageLoad: 300000, script: 30000}, unhandledPromptBehavior: dismiss and notify, webauthn:extension:credBlob: true, webauthn:extension:largeBlob: true, webauthn:extension:minPinLength: true, webauthn:extension:prf: true, webauthn:virtualAuthenticators: true}&#10;Session ID: 21ce8117c6ab522804c2b00a5c6827fb" type="org.openqa.selenium.TimeoutException"><![CDATA[org.openqa.selenium.TimeoutException: 
Expected condition failed: waiting for visibility of element located by By.xpath: //h1[.='Verify Your Account'] (tried for 40 second(s) with 500 milliseconds interval)
Build info: version: '4.18.1', revision: 'b1d3319b48'
System info: os.name: 'Windows 11', os.arch: 'amd64', os.version: '10.0', java.version: '22.0.1'
Driver info: org.openqa.selenium.chrome.ChromeDriver
Capabilities {acceptInsecureCerts: false, browserName: chrome, browserVersion: 128.0.6613.139, chrome: {chromedriverVersion: 128.0.6613.137 (fe621c5aa2d..., userDataDir: C:\Users\harin\AppData\Loca...}, fedcm:accounts: true, goog:chromeOptions: {debuggerAddress: localhost:50322}, networkConnectionEnabled: false, pageLoadStrategy: normal, platformName: windows, proxy: Proxy(), se:cdp: ws://localhost:50322/devtoo..., se:cdpVersion: 128.0.6613.139, setWindowRect: true, strictFileInteractability: false, timeouts: {implicit: 0, pageLoad: 300000, script: 30000}, unhandledPromptBehavior: dismiss and notify, webauthn:extension:credBlob: true, webauthn:extension:largeBlob: true, webauthn:extension:minPinLength: true, webauthn:extension:prf: true, webauthn:virtualAuthenticators: true}
Session ID: 21ce8117c6ab522804c2b00a5c6827fb
	at Test.LoginTest.logintest(LoginTest.java:33)
]]></failure>
    <system-out><![CDATA[Driver initialized: true
Selected United States.
ScreenshotC:\Users\harin\eclipse-workspace\Capstone_1\Screenshots\logintest_Chrome_2024-09-21_16-21-14.png
C:\Users\harin\eclipse-workspace\Capstone_1\Screenshots\logintest_Chrome_2024-09-21_16-21-14.png
]]></system-out>
    <system-err><![CDATA[[main] INFO io.github.bonigarcia.wdm.WebDriverManager - Using chromedriver 128.0.6613.137 (resolved driver for Chrome 128)
[main] INFO io.github.bonigarcia.wdm.WebDriverManager - Exporting webdriver.chrome.driver as C:\Users\harin\.cache\selenium\chromedriver\win64\128.0.6613.137\chromedriver.exe
Sept 21, 2024 4:20:23 PM org.openqa.selenium.devtools.CdpVersionFinder findNearestMatch
WARNING: Unable to find CDP implementation matching 128
Sept 21, 2024 4:20:23 PM org.openqa.selenium.chromium.ChromiumDriver lambda$new$5
WARNING: Unable to find version of CDP to use for 128.0.6613.139. You may need to include a dependency on a specific version of the CDP using something similar to `org.seleniumhq.selenium:selenium-devtools-v86:4.18.1` where the version ("v86") matches the version of the chromium-based browser you're using and the version number of the artifact is the same as Selenium's.
]]></system-err>
  </testcase>
  <testcase name="logintest[arun@gmail.com, Validation@246810, //strong[normalize-space()=&apos;Sorry, something went wrong. Please try again.&apos;], Sorry, something went wrong. Please try again.](4)" classname="Test.LoginTest" time="17.431">
    <system-out><![CDATA[Driver initialized: true
Selected United States.
Test Passed: Actual text: Sorry, something went wrong. Please try again. | Expected text: Sorry, something went wrong. Please try again.
]]></system-out>
    <system-err><![CDATA[[main] INFO io.github.bonigarcia.wdm.WebDriverManager - Using chromedriver 128.0.6613.137 (resolved driver for Chrome 128)
[main] INFO io.github.bonigarcia.wdm.WebDriverManager - Exporting webdriver.chrome.driver as C:\Users\harin\.cache\selenium\chromedriver\win64\128.0.6613.137\chromedriver.exe
Sept 21, 2024 4:21:14 PM org.openqa.selenium.devtools.CdpVersionFinder findNearestMatch
WARNING: Unable to find CDP implementation matching 128
Sept 21, 2024 4:21:14 PM org.openqa.selenium.chromium.ChromiumDriver lambda$new$5
WARNING: Unable to find version of CDP to use for 128.0.6613.139. You may need to include a dependency on a specific version of the CDP using something similar to `org.seleniumhq.selenium:selenium-devtools-v86:4.18.1` where the version ("v86") matches the version of the chromium-based browser you're using and the version number of the artifact is the same as Selenium's.
]]></system-err>
  </testcase>
  <testcase name="tomenu[//a[@class=&apos;utility-menu-flyout-list-item&apos;][.=&apos;Credit Cards&apos;][1], Best Buy Credit Card: Rewards &amp; Financing](1)" classname="Test.Topmenutest" time="20.574">
    <system-out><![CDATA[Driver initialized: true
Selected United States.
Actual heading is matching Expected heading and the heading is : Best Buy Credit Card: Rewards & Financing
]]></system-out>
    <system-err><![CDATA[[main] INFO io.github.bonigarcia.wdm.WebDriverManager - Using chromedriver 128.0.6613.137 (resolved driver for Chrome 128)
[main] INFO io.github.bonigarcia.wdm.WebDriverManager - Exporting webdriver.chrome.driver as C:\Users\harin\.cache\selenium\chromedriver\win64\128.0.6613.137\chromedriver.exe
Sept 21, 2024 4:21:34 PM org.openqa.selenium.devtools.CdpVersionFinder findNearestMatch
WARNING: Unable to find CDP implementation matching 128
Sept 21, 2024 4:21:34 PM org.openqa.selenium.chromium.ChromiumDriver lambda$new$5
WARNING: Unable to find version of CDP to use for 128.0.6613.139. You may need to include a dependency on a specific version of the CDP using something similar to `org.seleniumhq.selenium:selenium-devtools-v86:4.18.1` where the version ("v86") matches the version of the chromium-based browser you're using and the version number of the artifact is the same as Selenium's.
]]></system-err>
  </testcase>
  <testcase name="tomenu[//a[@class=&apos;utility-menu-flyout-list-item&apos;][.=&apos;Gift Cards&apos;][1], Gifts Cards and E-Gift Cards - Best Buy](2)" classname="Test.Topmenutest" time="20.628">
    <system-out><![CDATA[Driver initialized: true
Selected United States.
Actual heading is matching Expected heading and the heading is : Gifts Cards and E-Gift Cards - Best Buy
]]></system-out>
    <system-err><![CDATA[[main] INFO io.github.bonigarcia.wdm.WebDriverManager - Using chromedriver 128.0.6613.137 (resolved driver for Chrome 128)
[main] INFO io.github.bonigarcia.wdm.WebDriverManager - Exporting webdriver.chrome.driver as C:\Users\harin\.cache\selenium\chromedriver\win64\128.0.6613.137\chromedriver.exe
Sept 21, 2024 4:21:57 PM org.openqa.selenium.devtools.CdpVersionFinder findNearestMatch
WARNING: Unable to find CDP implementation matching 128
Sept 21, 2024 4:21:57 PM org.openqa.selenium.chromium.ChromiumDriver lambda$new$5
WARNING: Unable to find version of CDP to use for 128.0.6613.139. You may need to include a dependency on a specific version of the CDP using something similar to `org.seleniumhq.selenium:selenium-devtools-v86:4.18.1` where the version ("v86") matches the version of the chromium-based browser you're using and the version number of the artifact is the same as Selenium's.
]]></system-err>
  </testcase>
  <testcase name="tomenu[//a[@class=&apos;utility-menu-flyout-list-item&apos;][.=&apos;Gift Ideas&apos;][1], Gift Ideas 2024: Best Gifts to Give This Year - Best Buy](3)" classname="Test.Topmenutest" time="21.777">
    <system-out><![CDATA[Driver initialized: true
Selected United States.
Actual heading is matching Expected heading and the heading is : Gift Ideas 2024: Best Gifts to Give This Year - Best Buy
]]></system-out>
    <system-err><![CDATA[[main] INFO io.github.bonigarcia.wdm.WebDriverManager - Using chromedriver 128.0.6613.137 (resolved driver for Chrome 128)
[main] INFO io.github.bonigarcia.wdm.WebDriverManager - Exporting webdriver.chrome.driver as C:\Users\harin\.cache\selenium\chromedriver\win64\128.0.6613.137\chromedriver.exe
Sept 21, 2024 4:22:19 PM org.openqa.selenium.devtools.CdpVersionFinder findNearestMatch
WARNING: Unable to find CDP implementation matching 128
Sept 21, 2024 4:22:19 PM org.openqa.selenium.chromium.ChromiumDriver lambda$new$5
WARNING: Unable to find version of CDP to use for 128.0.6613.139. You may need to include a dependency on a specific version of the CDP using something similar to `org.seleniumhq.selenium:selenium-devtools-v86:4.18.1` where the version ("v86") matches the version of the chromium-based browser you're using and the version number of the artifact is the same as Selenium's.
]]></system-err>
  </testcase>
  <testcase name="tomenu[(//a[normalize-space()=&apos;Best Buy Outlet&apos;])[1], Best Buy Outlet: Clearance Electronics Outlet Store – Best Buy](4)" classname="Test.Topmenutest" time="10.724">
    <system-out><![CDATA[Driver initialized: true
Selected United States.
Actual heading is matching Expected heading and the heading is : Best Buy Outlet: Clearance Electronics Outlet Store – Best Buy
]]></system-out>
    <system-err><![CDATA[[main] INFO io.github.bonigarcia.wdm.WebDriverManager - Using chromedriver 128.0.6613.137 (resolved driver for Chrome 128)
[main] INFO io.github.bonigarcia.wdm.WebDriverManager - Exporting webdriver.chrome.driver as C:\Users\harin\.cache\selenium\chromedriver\win64\128.0.6613.137\chromedriver.exe
Sept 21, 2024 4:22:43 PM org.openqa.selenium.devtools.CdpVersionFinder findNearestMatch
WARNING: Unable to find CDP implementation matching 128
Sept 21, 2024 4:22:43 PM org.openqa.selenium.chromium.ChromiumDriver lambda$new$5
WARNING: Unable to find version of CDP to use for 128.0.6613.139. You may need to include a dependency on a specific version of the CDP using something similar to `org.seleniumhq.selenium:selenium-devtools-v86:4.18.1` where the version ("v86") matches the version of the chromium-based browser you're using and the version number of the artifact is the same as Selenium's.
]]></system-err>
  </testcase>
  <testcase name="tomenu[(//a[.=&apos;Best Buy Business&apos;])[1], Best Buy for Business - Best Buy](5)" classname="Test.Topmenutest" time="11.445">
    <system-out><![CDATA[Driver initialized: true
Selected United States.
Actual heading is matching Expected heading and the heading is : Best Buy for Business - Best Buy
]]></system-out>
    <system-err><![CDATA[[main] INFO io.github.bonigarcia.wdm.WebDriverManager - Using chromedriver 128.0.6613.137 (resolved driver for Chrome 128)
[main] INFO io.github.bonigarcia.wdm.WebDriverManager - Exporting webdriver.chrome.driver as C:\Users\harin\.cache\selenium\chromedriver\win64\128.0.6613.137\chromedriver.exe
Sept 21, 2024 4:22:55 PM org.openqa.selenium.devtools.CdpVersionFinder findNearestMatch
WARNING: Unable to find CDP implementation matching 128
Sept 21, 2024 4:22:55 PM org.openqa.selenium.chromium.ChromiumDriver lambda$new$5
WARNING: Unable to find version of CDP to use for 128.0.6613.139. You may need to include a dependency on a specific version of the CDP using something similar to `org.seleniumhq.selenium:selenium-devtools-v86:4.18.1` where the version ("v86") matches the version of the chromium-based browser you're using and the version number of the artifact is the same as Selenium's.
]]></system-err>
  </testcase>
  <testcase name="tomenu[(//a[@class=&apos;universal-nav-link&apos;][normalize-space()=&apos;Connect with an Expert&apos;])[1], Shop with an Expert - Best Buy](6)" classname="Test.Topmenutest" time="12.607">
    <system-out><![CDATA[Driver initialized: true
Selected United States.
Actual heading is matching Expected heading and the heading is : Shop with an Expert - Best Buy
]]></system-out>
    <system-err><![CDATA[[main] INFO io.github.bonigarcia.wdm.WebDriverManager - Using chromedriver 128.0.6613.137 (resolved driver for Chrome 128)
[main] INFO io.github.bonigarcia.wdm.WebDriverManager - Exporting webdriver.chrome.driver as C:\Users\harin\.cache\selenium\chromedriver\win64\128.0.6613.137\chromedriver.exe
Sept 21, 2024 4:23:08 PM org.openqa.selenium.devtools.CdpVersionFinder findNearestMatch
WARNING: Unable to find CDP implementation matching 128
Sept 21, 2024 4:23:08 PM org.openqa.selenium.chromium.ChromiumDriver lambda$new$5
WARNING: Unable to find version of CDP to use for 128.0.6613.139. You may need to include a dependency on a specific version of the CDP using something similar to `org.seleniumhq.selenium:selenium-devtools-v86:4.18.1` where the version ("v86") matches the version of the chromium-based browser you're using and the version number of the artifact is the same as Selenium's.
]]></system-err>
  </testcase>
  <testcase name="tomenu[//span[.=&apos;Cart&apos;], Cart - Best Buy](7)" classname="Test.Topmenutest" time="14.379">
    <system-out><![CDATA[Driver initialized: true
Selected United States.
Actual heading is matching Expected heading and the heading is : Cart - Best Buy
]]></system-out>
    <system-err><![CDATA[[main] INFO io.github.bonigarcia.wdm.WebDriverManager - Using chromedriver 128.0.6613.137 (resolved driver for Chrome 128)
[main] INFO io.github.bonigarcia.wdm.WebDriverManager - Exporting webdriver.chrome.driver as C:\Users\harin\.cache\selenium\chromedriver\win64\128.0.6613.137\chromedriver.exe
Sept 21, 2024 4:23:22 PM org.openqa.selenium.devtools.CdpVersionFinder findNearestMatch
WARNING: Unable to find CDP implementation matching 128
Sept 21, 2024 4:23:22 PM org.openqa.selenium.chromium.ChromiumDriver lambda$new$5
WARNING: Unable to find version of CDP to use for 128.0.6613.139. You may need to include a dependency on a specific version of the CDP using something similar to `org.seleniumhq.selenium:selenium-devtools-v86:4.18.1` where the version ("v86") matches the version of the chromium-based browser you're using and the version number of the artifact is the same as Selenium's.
]]></system-err>
  </testcase>
  <testcase name="tomenu[(//a[normalize-space()=&apos;Top Deals&apos;])[1], Best Buy Top Deals](8)" classname="Test.Topmenutest" time="11.358">
    <system-out><![CDATA[Driver initialized: true
Selected United States.
Actual heading is matching Expected heading and the heading is : Best Buy Top Deals
]]></system-out>
    <system-err><![CDATA[[main] INFO io.github.bonigarcia.wdm.WebDriverManager - Using chromedriver 128.0.6613.137 (resolved driver for Chrome 128)
[main] INFO io.github.bonigarcia.wdm.WebDriverManager - Exporting webdriver.chrome.driver as C:\Users\harin\.cache\selenium\chromedriver\win64\128.0.6613.137\chromedriver.exe
Sept 21, 2024 4:23:39 PM org.openqa.selenium.devtools.CdpVersionFinder findNearestMatch
WARNING: Unable to find CDP implementation matching 128
Sept 21, 2024 4:23:39 PM org.openqa.selenium.chromium.ChromiumDriver lambda$new$5
WARNING: Unable to find version of CDP to use for 128.0.6613.139. You may need to include a dependency on a specific version of the CDP using something similar to `org.seleniumhq.selenium:selenium-devtools-v86:4.18.1` where the version ("v86") matches the version of the chromium-based browser you're using and the version number of the artifact is the same as Selenium's.
]]></system-err>
  </testcase>
  <testcase name="tomenu[//a[.=&apos;Deal of the Day&apos;][1], Deal of the Day: Electronics Deals - Best Buy](9)" classname="Test.Topmenutest" time="11.806">
    <system-out><![CDATA[Driver initialized: true
Selected United States.
Actual heading is matching Expected heading and the heading is : Deal of the Day: Electronics Deals - Best Buy
]]></system-out>
    <system-err><![CDATA[[main] INFO io.github.bonigarcia.wdm.WebDriverManager - Using chromedriver 128.0.6613.137 (resolved driver for Chrome 128)
[main] INFO io.github.bonigarcia.wdm.WebDriverManager - Exporting webdriver.chrome.driver as C:\Users\harin\.cache\selenium\chromedriver\win64\128.0.6613.137\chromedriver.exe
Sept 21, 2024 4:23:52 PM org.openqa.selenium.devtools.CdpVersionFinder findNearestMatch
WARNING: Unable to find CDP implementation matching 128
Sept 21, 2024 4:23:52 PM org.openqa.selenium.chromium.ChromiumDriver lambda$new$5
WARNING: Unable to find version of CDP to use for 128.0.6613.139. You may need to include a dependency on a specific version of the CDP using something similar to `org.seleniumhq.selenium:selenium-devtools-v86:4.18.1` where the version ("v86") matches the version of the chromium-based browser you're using and the version number of the artifact is the same as Selenium's.
]]></system-err>
  </testcase>
  <testcase name="tomenu[//a[.=&apos;Yes, Best Buy Sells That&apos;][1], Yes, Best Buy Sells That – Best Buy](10)" classname="Test.Topmenutest" time="10.996">
    <system-out><![CDATA[Driver initialized: true
Selected United States.
Actual heading is matching Expected heading and the heading is : Yes, Best Buy Sells That – Best Buy
]]></system-out>
    <system-err><![CDATA[[main] INFO io.github.bonigarcia.wdm.WebDriverManager - Using chromedriver 128.0.6613.137 (resolved driver for Chrome 128)
[main] INFO io.github.bonigarcia.wdm.WebDriverManager - Exporting webdriver.chrome.driver as C:\Users\harin\.cache\selenium\chromedriver\win64\128.0.6613.137\chromedriver.exe
Sept 21, 2024 4:24:07 PM org.openqa.selenium.devtools.CdpVersionFinder findNearestMatch
WARNING: Unable to find CDP implementation matching 128
Sept 21, 2024 4:24:07 PM org.openqa.selenium.chromium.ChromiumDriver lambda$new$5
WARNING: Unable to find version of CDP to use for 128.0.6613.139. You may need to include a dependency on a specific version of the CDP using something similar to `org.seleniumhq.selenium:selenium-devtools-v86:4.18.1` where the version ("v86") matches the version of the chromium-based browser you're using and the version number of the artifact is the same as Selenium's.
]]></system-err>
  </testcase>
  <testcase name="tomenu[(//a[@class=&apos;bottom-left-links &apos;][.=&apos;My Best Buy Memberships&apos;])[1], My Best Buy Memberships](11)" classname="Test.Topmenutest" time="10.972">
    <system-out><![CDATA[Driver initialized: true
Selected United States.
Actual heading is matching Expected heading and the heading is : My Best Buy Memberships
]]></system-out>
    <system-err><![CDATA[[main] INFO io.github.bonigarcia.wdm.WebDriverManager - Using chromedriver 128.0.6613.137 (resolved driver for Chrome 128)
[main] INFO io.github.bonigarcia.wdm.WebDriverManager - Exporting webdriver.chrome.driver as C:\Users\harin\.cache\selenium\chromedriver\win64\128.0.6613.137\chromedriver.exe
Sept 21, 2024 4:24:19 PM org.openqa.selenium.devtools.CdpVersionFinder findNearestMatch
WARNING: Unable to find CDP implementation matching 128
Sept 21, 2024 4:24:19 PM org.openqa.selenium.chromium.ChromiumDriver lambda$new$5
WARNING: Unable to find version of CDP to use for 128.0.6613.139. You may need to include a dependency on a specific version of the CDP using something similar to `org.seleniumhq.selenium:selenium-devtools-v86:4.18.1` where the version ("v86") matches the version of the chromium-based browser you're using and the version number of the artifact is the same as Selenium's.
]]></system-err>
  </testcase>
  <testcase name="bottommenu[//a[normalize-space()=&apos;Accessibility&apos;], Accessibility - Best Buy](1)" classname="Test.Bottomlinktest" time="7.144">
    <system-out><![CDATA[Driver initialized: true
Selected United States.
Actual heading is matching Expected heading and the heading is : Accessibility - Best Buy
]]></system-out>
    <system-err><![CDATA[[main] INFO io.github.bonigarcia.wdm.WebDriverManager - Using chromedriver 128.0.6613.137 (resolved driver for Chrome 128)
[main] INFO io.github.bonigarcia.wdm.WebDriverManager - Exporting webdriver.chrome.driver as C:\Users\harin\.cache\selenium\chromedriver\win64\128.0.6613.137\chromedriver.exe
Sept 21, 2024 4:24:32 PM org.openqa.selenium.devtools.CdpVersionFinder findNearestMatch
WARNING: Unable to find CDP implementation matching 128
Sept 21, 2024 4:24:32 PM org.openqa.selenium.chromium.ChromiumDriver lambda$new$5
WARNING: Unable to find version of CDP to use for 128.0.6613.139. You may need to include a dependency on a specific version of the CDP using something similar to `org.seleniumhq.selenium:selenium-devtools-v86:4.18.1` where the version ("v86") matches the version of the chromium-based browser you're using and the version number of the artifact is the same as Selenium's.
]]></system-err>
  </testcase>
  <testcase name="bottommenu[//a[normalize-space()=&apos;Terms &amp; Conditions&apos;], BestBuy.com Terms and Conditions](2)" classname="Test.Bottomlinktest" time="6.593">
    <system-out><![CDATA[Driver initialized: true
Selected United States.
Actual heading is matching Expected heading and the heading is : BestBuy.com Terms and Conditions
]]></system-out>
    <system-err><![CDATA[[main] INFO io.github.bonigarcia.wdm.WebDriverManager - Using chromedriver 128.0.6613.137 (resolved driver for Chrome 128)
[main] INFO io.github.bonigarcia.wdm.WebDriverManager - Exporting webdriver.chrome.driver as C:\Users\harin\.cache\selenium\chromedriver\win64\128.0.6613.137\chromedriver.exe
Sept 21, 2024 4:24:41 PM org.openqa.selenium.devtools.CdpVersionFinder findNearestMatch
WARNING: Unable to find CDP implementation matching 128
Sept 21, 2024 4:24:41 PM org.openqa.selenium.chromium.ChromiumDriver lambda$new$5
WARNING: Unable to find version of CDP to use for 128.0.6613.139. You may need to include a dependency on a specific version of the CDP using something similar to `org.seleniumhq.selenium:selenium-devtools-v86:4.18.1` where the version ("v86") matches the version of the chromium-based browser you're using and the version number of the artifact is the same as Selenium's.
]]></system-err>
  </testcase>
  <testcase name="bottommenu[//a[normalize-space()=&apos;Privacy&apos;], Privacy Policy Hub - Best Buy](3)" classname="Test.Bottomlinktest" time="7.774">
    <system-out><![CDATA[Driver initialized: true
Selected United States.
Actual heading is matching Expected heading and the heading is : Privacy Policy Hub - Best Buy
]]></system-out>
    <system-err><![CDATA[[main] INFO io.github.bonigarcia.wdm.WebDriverManager - Using chromedriver 128.0.6613.137 (resolved driver for Chrome 128)
[main] INFO io.github.bonigarcia.wdm.WebDriverManager - Exporting webdriver.chrome.driver as C:\Users\harin\.cache\selenium\chromedriver\win64\128.0.6613.137\chromedriver.exe
Sept 21, 2024 4:24:49 PM org.openqa.selenium.devtools.CdpVersionFinder findNearestMatch
WARNING: Unable to find CDP implementation matching 128
Sept 21, 2024 4:24:49 PM org.openqa.selenium.chromium.ChromiumDriver lambda$new$5
WARNING: Unable to find version of CDP to use for 128.0.6613.139. You may need to include a dependency on a specific version of the CDP using something similar to `org.seleniumhq.selenium:selenium-devtools-v86:4.18.1` where the version ("v86") matches the version of the chromium-based browser you're using and the version number of the artifact is the same as Selenium's.
]]></system-err>
  </testcase>
  <testcase name="bottommenu[//a[normalize-space()=&apos;Interest-Based Ads&apos;], Interest-Based Ads - Best Buy](4)" classname="Test.Bottomlinktest" time="7.293">
    <system-out><![CDATA[Driver initialized: true
Selected United States.
Actual heading is matching Expected heading and the heading is : Interest-Based Ads - Best Buy
]]></system-out>
    <system-err><![CDATA[[main] INFO io.github.bonigarcia.wdm.WebDriverManager - Using chromedriver 128.0.6613.137 (resolved driver for Chrome 128)
[main] INFO io.github.bonigarcia.wdm.WebDriverManager - Exporting webdriver.chrome.driver as C:\Users\harin\.cache\selenium\chromedriver\win64\128.0.6613.137\chromedriver.exe
Sept 21, 2024 4:24:59 PM org.openqa.selenium.devtools.CdpVersionFinder findNearestMatch
WARNING: Unable to find CDP implementation matching 128
Sept 21, 2024 4:24:59 PM org.openqa.selenium.chromium.ChromiumDriver lambda$new$5
WARNING: Unable to find version of CDP to use for 128.0.6613.139. You may need to include a dependency on a specific version of the CDP using something similar to `org.seleniumhq.selenium:selenium-devtools-v86:4.18.1` where the version ("v86") matches the version of the chromium-based browser you're using and the version number of the artifact is the same as Selenium's.
]]></system-err>
  </testcase>
  <testcase name="bottommenu[//a[normalize-space()=&apos;State Privacy Rights&apos;], State Privacy Rights - Best Buy](5)" classname="Test.Bottomlinktest" time="7.341">
    <system-out><![CDATA[Driver initialized: true
Selected United States.
Actual heading is matching Expected heading and the heading is : State Privacy Rights - Best Buy
]]></system-out>
    <system-err><![CDATA[[main] INFO io.github.bonigarcia.wdm.WebDriverManager - Using chromedriver 128.0.6613.137 (resolved driver for Chrome 128)
[main] INFO io.github.bonigarcia.wdm.WebDriverManager - Exporting webdriver.chrome.driver as C:\Users\harin\.cache\selenium\chromedriver\win64\128.0.6613.137\chromedriver.exe
Sept 21, 2024 4:25:08 PM org.openqa.selenium.devtools.CdpVersionFinder findNearestMatch
WARNING: Unable to find CDP implementation matching 128
Sept 21, 2024 4:25:08 PM org.openqa.selenium.chromium.ChromiumDriver lambda$new$5
WARNING: Unable to find version of CDP to use for 128.0.6613.139. You may need to include a dependency on a specific version of the CDP using something similar to `org.seleniumhq.selenium:selenium-devtools-v86:4.18.1` where the version ("v86") matches the version of the chromium-based browser you're using and the version number of the artifact is the same as Selenium's.
]]></system-err>
  </testcase>
  <testcase name="bottommenu[//a[normalize-space()=&apos;Health Data Privacy&apos;], Health Data Privacy Information - Best Buy](6)" classname="Test.Bottomlinktest" time="7.396">
    <system-out><![CDATA[Driver initialized: true
Selected United States.
Actual heading is matching Expected heading and the heading is : Health Data Privacy Information - Best Buy
]]></system-out>
    <system-err><![CDATA[[main] INFO io.github.bonigarcia.wdm.WebDriverManager - Using chromedriver 128.0.6613.137 (resolved driver for Chrome 128)
[main] INFO io.github.bonigarcia.wdm.WebDriverManager - Exporting webdriver.chrome.driver as C:\Users\harin\.cache\selenium\chromedriver\win64\128.0.6613.137\chromedriver.exe
Sept 21, 2024 4:25:17 PM org.openqa.selenium.devtools.CdpVersionFinder findNearestMatch
WARNING: Unable to find CDP implementation matching 128
Sept 21, 2024 4:25:17 PM org.openqa.selenium.chromium.ChromiumDriver lambda$new$5
WARNING: Unable to find version of CDP to use for 128.0.6613.139. You may need to include a dependency on a specific version of the CDP using something similar to `org.seleniumhq.selenium:selenium-devtools-v86:4.18.1` where the version ("v86") matches the version of the chromium-based browser you're using and the version number of the artifact is the same as Selenium's.
]]></system-err>
  </testcase>
  <testcase name="bottommenu[//a[normalize-space()=&apos;Do Not Sell/Share My Personal Information&apos;], Start Request - Best Buy](7)" classname="Test.Bottomlinktest" time="6.68">
    <system-out><![CDATA[Driver initialized: true
Selected United States.
Actual heading is matching Expected heading and the heading is : Start Request - Best Buy
]]></system-out>
    <system-err><![CDATA[[main] INFO io.github.bonigarcia.wdm.WebDriverManager - Using chromedriver 128.0.6613.137 (resolved driver for Chrome 128)
[main] INFO io.github.bonigarcia.wdm.WebDriverManager - Exporting webdriver.chrome.driver as C:\Users\harin\.cache\selenium\chromedriver\win64\128.0.6613.137\chromedriver.exe
Sept 21, 2024 4:25:27 PM org.openqa.selenium.devtools.CdpVersionFinder findNearestMatch
WARNING: Unable to find CDP implementation matching 128
Sept 21, 2024 4:25:27 PM org.openqa.selenium.chromium.ChromiumDriver lambda$new$5
WARNING: Unable to find version of CDP to use for 128.0.6613.139. You may need to include a dependency on a specific version of the CDP using something similar to `org.seleniumhq.selenium:selenium-devtools-v86:4.18.1` where the version ("v86") matches the version of the chromium-based browser you're using and the version number of the artifact is the same as Selenium's.
]]></system-err>
  </testcase>
  <testcase name="bottommenu[//a[normalize-space()=&apos;Limit Use of My Sensitive Personal Information&apos;], Best Buy](8)" classname="Test.Bottomlinktest" time="6.518">
    <system-out><![CDATA[Driver initialized: true
Selected United States.
Actual heading is matching Expected heading and the heading is : Best Buy
]]></system-out>
    <system-err><![CDATA[[main] INFO io.github.bonigarcia.wdm.WebDriverManager - Using chromedriver 128.0.6613.137 (resolved driver for Chrome 128)
[main] INFO io.github.bonigarcia.wdm.WebDriverManager - Exporting webdriver.chrome.driver as C:\Users\harin\.cache\selenium\chromedriver\win64\128.0.6613.137\chromedriver.exe
Sept 21, 2024 4:25:35 PM org.openqa.selenium.devtools.CdpVersionFinder findNearestMatch
WARNING: Unable to find CDP implementation matching 128
Sept 21, 2024 4:25:35 PM org.openqa.selenium.chromium.ChromiumDriver lambda$new$5
WARNING: Unable to find version of CDP to use for 128.0.6613.139. You may need to include a dependency on a specific version of the CDP using something similar to `org.seleniumhq.selenium:selenium-devtools-v86:4.18.1` where the version ("v86") matches the version of the chromium-based browser you're using and the version number of the artifact is the same as Selenium's.
]]></system-err>
  </testcase>
  <testcase name="bottommenu[//a[normalize-space()=&apos;Targeted Advertising Opt Out&apos;], Start Request - Best Buy](9)" classname="Test.Bottomlinktest" time="6.587">
    <system-out><![CDATA[Driver initialized: true
Selected United States.
Actual heading is matching Expected heading and the heading is : Start Request - Best Buy
]]></system-out>
    <system-err><![CDATA[[main] INFO io.github.bonigarcia.wdm.WebDriverManager - Using chromedriver 128.0.6613.137 (resolved driver for Chrome 128)
[main] INFO io.github.bonigarcia.wdm.WebDriverManager - Exporting webdriver.chrome.driver as C:\Users\harin\.cache\selenium\chromedriver\win64\128.0.6613.137\chromedriver.exe
Sept 21, 2024 4:25:43 PM org.openqa.selenium.devtools.CdpVersionFinder findNearestMatch
WARNING: Unable to find CDP implementation matching 128
Sept 21, 2024 4:25:43 PM org.openqa.selenium.chromium.ChromiumDriver lambda$new$5
WARNING: Unable to find version of CDP to use for 128.0.6613.139. You may need to include a dependency on a specific version of the CDP using something similar to `org.seleniumhq.selenium:selenium-devtools-v86:4.18.1` where the version ("v86") matches the version of the chromium-based browser you're using and the version number of the artifact is the same as Selenium's.
]]></system-err>
  </testcase>
  <testcase name="bottommenu[//a[normalize-space()=&apos;CA Supply Chain Transparency Act&apos;], California Supply Chain Transparency Act - Best Buy](10)" classname="Test.Bottomlinktest" time="6.851">
    <system-out><![CDATA[Driver initialized: true
Selected United States.
Actual heading is matching Expected heading and the heading is : California Supply Chain Transparency Act - Best Buy
]]></system-out>
    <system-err><![CDATA[[main] INFO io.github.bonigarcia.wdm.WebDriverManager - Using chromedriver 128.0.6613.137 (resolved driver for Chrome 128)
[main] INFO io.github.bonigarcia.wdm.WebDriverManager - Exporting webdriver.chrome.driver as C:\Users\harin\.cache\selenium\chromedriver\win64\128.0.6613.137\chromedriver.exe
Sept 21, 2024 4:25:52 PM org.openqa.selenium.devtools.CdpVersionFinder findNearestMatch
WARNING: Unable to find CDP implementation matching 128
Sept 21, 2024 4:25:52 PM org.openqa.selenium.chromium.ChromiumDriver lambda$new$5
WARNING: Unable to find version of CDP to use for 128.0.6613.139. You may need to include a dependency on a specific version of the CDP using something similar to `org.seleniumhq.selenium:selenium-devtools-v86:4.18.1` where the version ("v86") matches the version of the chromium-based browser you're using and the version number of the artifact is the same as Selenium's.
]]></system-err>
  </testcase>
  <testcase name="addtocart" classname="Test.Searchbtncarttest" time="24.608">
    <system-out><![CDATA[Driver initialized: true
Selected United States.
Title of the page is : Lenovo Yoga Slim 7x Copilot+ PC 14.5" 3K OLED Touch-Screen Laptop Snapdragon X Elite 16GB Memory 512GB SSD Cosmic Blue 83ED0001US - Best Buy
Added to cart : Lenovo
]]></system-out>
    <system-err><![CDATA[[main] INFO io.github.bonigarcia.wdm.WebDriverManager - Using chromedriver 128.0.6613.137 (resolved driver for Chrome 128)
[main] INFO io.github.bonigarcia.wdm.WebDriverManager - Exporting webdriver.chrome.driver as C:\Users\harin\.cache\selenium\chromedriver\win64\128.0.6613.137\chromedriver.exe
Sept 21, 2024 4:26:01 PM org.openqa.selenium.devtools.CdpVersionFinder findNearestMatch
WARNING: Unable to find CDP implementation matching 128
Sept 21, 2024 4:26:01 PM org.openqa.selenium.chromium.ChromiumDriver lambda$new$5
WARNING: Unable to find version of CDP to use for 128.0.6613.139. You may need to include a dependency on a specific version of the CDP using something similar to `org.seleniumhq.selenium:selenium-devtools-v86:4.18.1` where the version ("v86") matches the version of the chromium-based browser you're using and the version number of the artifact is the same as Selenium's.
]]></system-err>
  </testcase>
  <testcase name="addtocart" classname="Test.Selectbydepartmenttest" time="23.995">
    <system-out><![CDATA[Driver initialized: true
Selected United States.
Title of the page is : Omron 3 Series Automatic Upper Arm Blood Pressure Monitor Black/White BP7100 - Best Buy
Added to cart : Omron BP machine
]]></system-out>
    <system-err><![CDATA[[main] INFO io.github.bonigarcia.wdm.WebDriverManager - Using chromedriver 128.0.6613.137 (resolved driver for Chrome 128)
[main] INFO io.github.bonigarcia.wdm.WebDriverManager - Exporting webdriver.chrome.driver as C:\Users\harin\.cache\selenium\chromedriver\win64\128.0.6613.137\chromedriver.exe
Sept 21, 2024 4:26:27 PM org.openqa.selenium.devtools.CdpVersionFinder findNearestMatch
WARNING: Unable to find CDP implementation matching 128
Sept 21, 2024 4:26:27 PM org.openqa.selenium.chromium.ChromiumDriver lambda$new$5
WARNING: Unable to find version of CDP to use for 128.0.6613.139. You may need to include a dependency on a specific version of the CDP using something similar to `org.seleniumhq.selenium:selenium-devtools-v86:4.18.1` where the version ("v86") matches the version of the chromium-based browser you're using and the version number of the artifact is the same as Selenium's.
]]></system-err>
  </testcase>
  <testcase name="brandproduvtselect" classname="Test.Selectbybrandtest" time="71.81">
    <failure message="Expected condition failed: waiting for visibility of [[ChromeDriver: chrome on windows (c6264bd5cbf9c63bda58b6e97f3a44f9)] -&gt; xpath: //a[.=&apos;Sony - 65&quot; Class BRAVIA XR A80L OLED 4K UHD Smart Google TV (2023)&apos;]] (tried for 60 second(s) with 500 milliseconds interval)&#10;Build info: version: &apos;4.18.1&apos;, revision: &apos;b1d3319b48&apos;&#10;System info: os.name: &apos;Windows 11&apos;, os.arch: &apos;amd64&apos;, os.version: &apos;10.0&apos;, java.version: &apos;22.0.1&apos;&#10;Driver info: org.openqa.selenium.chrome.ChromeDriver&#10;Capabilities {acceptInsecureCerts: false, browserName: chrome, browserVersion: 128.0.6613.139, chrome: {chromedriverVersion: 128.0.6613.137 (fe621c5aa2d..., userDataDir: C:\Users\harin\AppData\Loca...}, fedcm:accounts: true, goog:chromeOptions: {debuggerAddress: localhost:53382}, networkConnectionEnabled: false, pageLoadStrategy: normal, platformName: windows, proxy: Proxy(), se:cdp: ws://localhost:53382/devtoo..., se:cdpVersion: 128.0.6613.139, setWindowRect: true, strictFileInteractability: false, timeouts: {implicit: 0, pageLoad: 300000, script: 30000}, unhandledPromptBehavior: dismiss and notify, webauthn:extension:credBlob: true, webauthn:extension:largeBlob: true, webauthn:extension:minPinLength: true, webauthn:extension:prf: true, webauthn:virtualAuthenticators: true}&#10;Session ID: c6264bd5cbf9c63bda58b6e97f3a44f9" type="org.openqa.selenium.TimeoutException"><![CDATA[org.openqa.selenium.TimeoutException: 
Expected condition failed: waiting for visibility of [[ChromeDriver: chrome on windows (c6264bd5cbf9c63bda58b6e97f3a44f9)] -> xpath: //a[.='Sony - 65" Class BRAVIA XR A80L OLED 4K UHD Smart Google TV (2023)']] (tried for 60 second(s) with 500 milliseconds interval)
Build info: version: '4.18.1', revision: 'b1d3319b48'
System info: os.name: 'Windows 11', os.arch: 'amd64', os.version: '10.0', java.version: '22.0.1'
Driver info: org.openqa.selenium.chrome.ChromeDriver
Capabilities {acceptInsecureCerts: false, browserName: chrome, browserVersion: 128.0.6613.139, chrome: {chromedriverVersion: 128.0.6613.137 (fe621c5aa2d..., userDataDir: C:\Users\harin\AppData\Loca...}, fedcm:accounts: true, goog:chromeOptions: {debuggerAddress: localhost:53382}, networkConnectionEnabled: false, pageLoadStrategy: normal, platformName: windows, proxy: Proxy(), se:cdp: ws://localhost:53382/devtoo..., se:cdpVersion: 128.0.6613.139, setWindowRect: true, strictFileInteractability: false, timeouts: {implicit: 0, pageLoad: 300000, script: 30000}, unhandledPromptBehavior: dismiss and notify, webauthn:extension:credBlob: true, webauthn:extension:largeBlob: true, webauthn:extension:minPinLength: true, webauthn:extension:prf: true, webauthn:virtualAuthenticators: true}
Session ID: c6264bd5cbf9c63bda58b6e97f3a44f9
	at Test.Selectbybrandtest.brandproduvtselect(Selectbybrandtest.java:24)
]]></failure>
    <system-out><![CDATA[Driver initialized: true
Selected United States.
ScreenshotC:\Users\harin\eclipse-workspace\Capstone_1\Screenshots\brandproduvtselect_Chrome_2024-09-21_16-28-06.png
C:\Users\harin\eclipse-workspace\Capstone_1\Screenshots\brandproduvtselect_Chrome_2024-09-21_16-28-06.png
]]></system-out>
    <system-err><![CDATA[[main] INFO io.github.bonigarcia.wdm.WebDriverManager - Using chromedriver 128.0.6613.137 (resolved driver for Chrome 128)
[main] INFO io.github.bonigarcia.wdm.WebDriverManager - Exporting webdriver.chrome.driver as C:\Users\harin\.cache\selenium\chromedriver\win64\128.0.6613.137\chromedriver.exe
Sept 21, 2024 4:26:53 PM org.openqa.selenium.devtools.CdpVersionFinder findNearestMatch
WARNING: Unable to find CDP implementation matching 128
Sept 21, 2024 4:26:53 PM org.openqa.selenium.chromium.ChromiumDriver lambda$new$5
WARNING: Unable to find version of CDP to use for 128.0.6613.139. You may need to include a dependency on a specific version of the CDP using something similar to `org.seleniumhq.selenium:selenium-devtools-v86:4.18.1` where the version ("v86") matches the version of the chromium-based browser you're using and the version number of the artifact is the same as Selenium's.
]]></system-err>
  </testcase>
  <testcase name="checkout" classname="Test.Checkouttest" time="34.346">
    <system-out><![CDATA[Driver initialized: true
Selected United States.
Title of the page is : LG TONE Free Fit TF8Q True Wireless Noise Cancelling In-Ear Earbuds Black TF8Q - Best Buy
Added to cart : LG earpods
This item is no longer available for shipping.
]]></system-out>
    <system-err><![CDATA[[main] INFO io.github.bonigarcia.wdm.WebDriverManager - Using chromedriver 128.0.6613.137 (resolved driver for Chrome 128)
[main] INFO io.github.bonigarcia.wdm.WebDriverManager - Exporting webdriver.chrome.driver as C:\Users\harin\.cache\selenium\chromedriver\win64\128.0.6613.137\chromedriver.exe
Sept 21, 2024 4:28:07 PM org.openqa.selenium.devtools.CdpVersionFinder findNearestMatch
WARNING: Unable to find CDP implementation matching 128
Sept 21, 2024 4:28:07 PM org.openqa.selenium.chromium.ChromiumDriver lambda$new$5
WARNING: Unable to find version of CDP to use for 128.0.6613.139. You may need to include a dependency on a specific version of the CDP using something similar to `org.seleniumhq.selenium:selenium-devtools-v86:4.18.1` where the version ("v86") matches the version of the chromium-based browser you're using and the version number of the artifact is the same as Selenium's.
]]></system-err>
  </testcase>
</testsuite>