<?xml version="1.0" encoding="UTF-8"?>
<testng-results ignored="0" total="39" passed="37" failed="2" skipped="0">
  <reporter-output>
  </reporter-output>
  <suite started-at="2024-09-20T18:59:03 IST" name="Suite" finished-at="2024-09-20T19:11:25 IST" duration-ms="741425">
    <groups>
      <group name="regression">
        <method signature="urltest.brokencurrenturl()[pri:1, instance:Test.urltest@3da05287]" name="brokencurrenturl" class="Test.urltest"/>
        <method signature="Signuptest.signup(java.lang.String,java.lang.String,java.lang.String,java.lang.String,java.lang.String,java.lang.String,java.lang.String,java.lang.String)[pri:2, instance:Test.Signuptest@ff684e1]" name="signup" class="Test.Signuptest"/>
        <method signature="LoginTest.logintest(java.lang.String,java.lang.String,java.lang.String,java.lang.String)[pri:3, instance:Test.LoginTest@613a8ee1]" name="logintest" class="Test.LoginTest"/>
        <method signature="Topmenutest.tomenu(java.lang.String,java.lang.String)[pri:4, instance:Test.Topmenutest@178213b]" name="tomenu" class="Test.Topmenutest"/>
        <method signature="Bottomlinktest.bottommenu(java.lang.String,java.lang.String)[pri:5, instance:Test.Bottomlinktest@2807bdeb]" name="bottommenu" class="Test.Bottomlinktest"/>
        <method signature="Searchbtncarttest.addtocart()[pri:6, instance:Test.Searchbtncarttest@72c28d64]" name="addtocart" class="Test.Searchbtncarttest"/>
        <method signature="Selectbydepartmenttest.addtocart()[pri:7, instance:Test.Selectbydepartmenttest@51972dc7]" name="addtocart" class="Test.Selectbydepartmenttest"/>
        <method signature="Selectbybrandtest.brandproduvtselect()[pri:8, instance:Test.Selectbybrandtest@3700ec9c]" name="brandproduvtselect" class="Test.Selectbybrandtest"/>
        <method signature="Checkouttest.checkout()[pri:8, instance:Test.Checkouttest@54c62d71]" name="checkout" class="Test.Checkouttest"/>
      </group> <!-- regression -->
    </groups>
    <test started-at="2024-09-20T18:59:03 IST" name="Test1" finished-at="2024-09-20T19:02:38 IST" duration-ms="214409">
      <class name="Test.urltest">
        <test-method is-config="true" signature="before(java.lang.String)[pri:0, instance:Test.urltest@3da05287]" started-at="2024-09-20T18:59:03 IST" name="before" finished-at="2024-09-20T18:59:06 IST" duration-ms="2842" status="PASS">
          <params>
            <param index="0">
              <value>
                <![CDATA[Chrome]]>
              </value>
            </param>
          </params>
          <reporter-output>
          </reporter-output>
        </test-method> <!-- before -->
        <test-method signature="brokencurrenturl()[pri:1, instance:Test.urltest@3da05287]" started-at="2024-09-20T18:59:06 IST" name="brokencurrenturl" description="Checking url is broken or not" finished-at="2024-09-20T18:59:15 IST" duration-ms="8271" status="PASS">
          <reporter-output>
          </reporter-output>
        </test-method> <!-- brokencurrenturl -->
        <test-method is-config="true" signature="after()[pri:0, instance:Test.urltest@3da05287]" started-at="2024-09-20T18:59:15 IST" name="after" finished-at="2024-09-20T18:59:16 IST" duration-ms="1736" status="PASS">
          <reporter-output>
          </reporter-output>
        </test-method> <!-- after -->
      </class> <!-- Test.urltest -->
      <class name="Test.Signuptest">
        <test-method is-config="true" signature="beforetest()[pri:0, instance:Test.Signuptest@ff684e1]" started-at="2024-09-20T18:59:03 IST" name="beforetest" finished-at="2024-09-20T18:59:03 IST" duration-ms="8" status="PASS">
          <reporter-output>
          </reporter-output>
        </test-method> <!-- beforetest -->
        <test-method is-config="true" signature="before(java.lang.String)[pri:0, instance:Test.Signuptest@ff684e1]" started-at="2024-09-20T18:59:19 IST" name="before" finished-at="2024-09-20T18:59:21 IST" duration-ms="2417" status="PASS">
          <params>
            <param index="0">
              <value>
                <![CDATA[Chrome]]>
              </value>
            </param>
          </params>
          <reporter-output>
          </reporter-output>
        </test-method> <!-- before -->
        <test-method signature="signup(java.lang.String,java.lang.String,java.lang.String,java.lang.String,java.lang.String,java.lang.String,java.lang.String,java.lang.String)[pri:2, instance:Test.Signuptest@ff684e1]" started-at="2024-09-20T18:59:21 IST" name="signup" description="Signup Test" data-provider="Readingdatasfromexcelsheet" finished-at="2024-09-20T18:59:34 IST" duration-ms="12692" status="PASS">
          <params>
            <param index="0">
              <value>
                <![CDATA[Arun1]]>
              </value>
            </param>
            <param index="1">
              <value>
                <![CDATA[]]>
              </value>
            </param>
            <param index="2">
              <value>
                <![CDATA[arun@gmail.com]]>
              </value>
            </param>
            <param index="3">
              <value>
                <![CDATA[Validation@246810]]>
              </value>
            </param>
            <param index="4">
              <value>
                <![CDATA[Validation@246810]]>
              </value>
            </param>
            <param index="5">
              <value>
                <![CDATA[6.789012346E9]]>
              </value>
            </param>
            <param index="6">
              <value>
                <![CDATA[//p[normalize-space()='Please enter your last name.']]]>
              </value>
            </param>
            <param index="7">
              <value>
                <![CDATA[Please enter your last name.]]>
              </value>
            </param>
          </params>
          <reporter-output>
          </reporter-output>
        </test-method> <!-- signup -->
        <test-method is-config="true" signature="after()[pri:0, instance:Test.Signuptest@ff684e1]" started-at="2024-09-20T18:59:34 IST" name="after" finished-at="2024-09-20T18:59:34 IST" duration-ms="358" status="PASS">
          <reporter-output>
          </reporter-output>
        </test-method> <!-- after -->
        <test-method is-config="true" signature="before(java.lang.String)[pri:0, instance:Test.Signuptest@ff684e1]" started-at="2024-09-20T18:59:34 IST" name="before" finished-at="2024-09-20T18:59:37 IST" duration-ms="2746" status="PASS">
          <params>
            <param index="0">
              <value>
                <![CDATA[Chrome]]>
              </value>
            </param>
          </params>
          <reporter-output>
          </reporter-output>
        </test-method> <!-- before -->
        <test-method signature="signup(java.lang.String,java.lang.String,java.lang.String,java.lang.String,java.lang.String,java.lang.String,java.lang.String,java.lang.String)[pri:2, instance:Test.Signuptest@ff684e1]" started-at="2024-09-20T18:59:37 IST" name="signup" description="Signup Test" data-provider="Readingdatasfromexcelsheet" finished-at="2024-09-20T18:59:56 IST" duration-ms="19349" status="PASS">
          <params>
            <param index="0">
              <value>
                <![CDATA[Arun2]]>
              </value>
            </param>
            <param index="1">
              <value>
                <![CDATA[K]]>
              </value>
            </param>
            <param index="2">
              <value>
                <![CDATA[arun@gmail]]>
              </value>
            </param>
            <param index="3">
              <value>
                <![CDATA[Validation@246810]]>
              </value>
            </param>
            <param index="4">
              <value>
                <![CDATA[Validation@246810]]>
              </value>
            </param>
            <param index="5">
              <value>
                <![CDATA[6.789012347E9]]>
              </value>
            </param>
            <param index="6">
              <value>
                <![CDATA[//p[normalize-space()='Please enter a valid email address.']]]>
              </value>
            </param>
            <param index="7">
              <value>
                <![CDATA[Please enter a valid email address.]]>
              </value>
            </param>
          </params>
          <reporter-output>
          </reporter-output>
        </test-method> <!-- signup -->
        <test-method is-config="true" signature="after()[pri:0, instance:Test.Signuptest@ff684e1]" started-at="2024-09-20T18:59:56 IST" name="after" finished-at="2024-09-20T18:59:56 IST" duration-ms="182" status="PASS">
          <reporter-output>
          </reporter-output>
        </test-method> <!-- after -->
        <test-method is-config="true" signature="before(java.lang.String)[pri:0, instance:Test.Signuptest@ff684e1]" started-at="2024-09-20T18:59:56 IST" name="before" finished-at="2024-09-20T18:59:59 IST" duration-ms="2562" status="PASS">
          <params>
            <param index="0">
              <value>
                <![CDATA[Chrome]]>
              </value>
            </param>
          </params>
          <reporter-output>
          </reporter-output>
        </test-method> <!-- before -->
        <test-method signature="signup(java.lang.String,java.lang.String,java.lang.String,java.lang.String,java.lang.String,java.lang.String,java.lang.String,java.lang.String)[pri:2, instance:Test.Signuptest@ff684e1]" started-at="2024-09-20T18:59:59 IST" name="signup" description="Signup Test" data-provider="Readingdatasfromexcelsheet" finished-at="2024-09-20T19:00:13 IST" duration-ms="13908" status="PASS">
          <params>
            <param index="0">
              <value>
                <![CDATA[Arun3]]>
              </value>
            </param>
            <param index="1">
              <value>
                <![CDATA[K]]>
              </value>
            </param>
            <param index="2">
              <value>
                <![CDATA[arun@gmail.com]]>
              </value>
            </param>
            <param index="3">
              <value>
                <![CDATA[Validation@246810]]>
              </value>
            </param>
            <param index="4">
              <value>
                <![CDATA[Validation@246]]>
              </value>
            </param>
            <param index="5">
              <value>
                <![CDATA[6.789012348E9]]>
              </value>
            </param>
            <param index="6">
              <value>
                <![CDATA[//p[normalize-space()='Passwords do not match.']]]>
              </value>
            </param>
            <param index="7">
              <value>
                <![CDATA[Passwords do not match.]]>
              </value>
            </param>
          </params>
          <reporter-output>
          </reporter-output>
        </test-method> <!-- signup -->
        <test-method is-config="true" signature="after()[pri:0, instance:Test.Signuptest@ff684e1]" started-at="2024-09-20T19:00:13 IST" name="after" finished-at="2024-09-20T19:00:13 IST" duration-ms="221" status="PASS">
          <reporter-output>
          </reporter-output>
        </test-method> <!-- after -->
        <test-method is-config="true" signature="before(java.lang.String)[pri:0, instance:Test.Signuptest@ff684e1]" started-at="2024-09-20T19:00:13 IST" name="before" finished-at="2024-09-20T19:00:16 IST" duration-ms="2406" status="PASS">
          <params>
            <param index="0">
              <value>
                <![CDATA[Chrome]]>
              </value>
            </param>
          </params>
          <reporter-output>
          </reporter-output>
        </test-method> <!-- before -->
        <test-method signature="signup(java.lang.String,java.lang.String,java.lang.String,java.lang.String,java.lang.String,java.lang.String,java.lang.String,java.lang.String)[pri:2, instance:Test.Signuptest@ff684e1]" started-at="2024-09-20T19:00:16 IST" name="signup" description="Signup Test" data-provider="Readingdatasfromexcelsheet" finished-at="2024-09-20T19:00:41 IST" duration-ms="25794" status="PASS">
          <params>
            <param index="0">
              <value>
                <![CDATA[Arun4]]>
              </value>
            </param>
            <param index="1">
              <value>
                <![CDATA[K]]>
              </value>
            </param>
            <param index="2">
              <value>
                <![CDATA[arun@gmail.com]]>
              </value>
            </param>
            <param index="3">
              <value>
                <![CDATA[Va]]>
              </value>
            </param>
            <param index="4">
              <value>
                <![CDATA[Va]]>
              </value>
            </param>
            <param index="5">
              <value>
                <![CDATA[6.789012349E9]]>
              </value>
            </param>
            <param index="6">
              <value>
                <![CDATA[//p[normalize-space()='Please enter a strong password.']]]>
              </value>
            </param>
            <param index="7">
              <value>
                <![CDATA[Please enter a strong password.]]>
              </value>
            </param>
          </params>
          <reporter-output>
          </reporter-output>
        </test-method> <!-- signup -->
        <test-method is-config="true" signature="after()[pri:0, instance:Test.Signuptest@ff684e1]" started-at="2024-09-20T19:00:41 IST" name="after" finished-at="2024-09-20T19:00:42 IST" duration-ms="212" status="PASS">
          <reporter-output>
          </reporter-output>
        </test-method> <!-- after -->
        <test-method is-config="true" signature="before(java.lang.String)[pri:0, instance:Test.Signuptest@ff684e1]" started-at="2024-09-20T19:00:42 IST" name="before" finished-at="2024-09-20T19:00:44 IST" duration-ms="2449" status="PASS">
          <params>
            <param index="0">
              <value>
                <![CDATA[Chrome]]>
              </value>
            </param>
          </params>
          <reporter-output>
          </reporter-output>
        </test-method> <!-- before -->
        <test-method signature="signup(java.lang.String,java.lang.String,java.lang.String,java.lang.String,java.lang.String,java.lang.String,java.lang.String,java.lang.String)[pri:2, instance:Test.Signuptest@ff684e1]" started-at="2024-09-20T19:00:44 IST" name="signup" description="Signup Test" data-provider="Readingdatasfromexcelsheet" finished-at="2024-09-20T19:00:56 IST" duration-ms="12154" status="PASS">
          <params>
            <param index="0">
              <value>
                <![CDATA[Arun5]]>
              </value>
            </param>
            <param index="1">
              <value>
                <![CDATA[K]]>
              </value>
            </param>
            <param index="2">
              <value>
                <![CDATA[arun@gmail.com]]>
              </value>
            </param>
            <param index="3">
              <value>
                <![CDATA[Validation@246810]]>
              </value>
            </param>
            <param index="4">
              <value>
                <![CDATA[Validation@246810]]>
              </value>
            </param>
            <param index="5">
              <value>
                <![CDATA[67890.0]]>
              </value>
            </param>
            <param index="6">
              <value>
                <![CDATA[//p[normalize-space()='Please enter a valid mobile phone number.']]]>
              </value>
            </param>
            <param index="7">
              <value>
                <![CDATA[Please enter a valid mobile phone number.]]>
              </value>
            </param>
          </params>
          <reporter-output>
          </reporter-output>
        </test-method> <!-- signup -->
        <test-method is-config="true" signature="after()[pri:0, instance:Test.Signuptest@ff684e1]" started-at="2024-09-20T19:00:56 IST" name="after" finished-at="2024-09-20T19:00:56 IST" duration-ms="347" status="PASS">
          <reporter-output>
          </reporter-output>
        </test-method> <!-- after -->
        <test-method is-config="true" signature="before(java.lang.String)[pri:0, instance:Test.Signuptest@ff684e1]" started-at="2024-09-20T19:00:56 IST" name="before" finished-at="2024-09-20T19:00:59 IST" duration-ms="2552" status="PASS">
          <params>
            <param index="0">
              <value>
                <![CDATA[Chrome]]>
              </value>
            </param>
          </params>
          <reporter-output>
          </reporter-output>
        </test-method> <!-- before -->
        <test-method signature="signup(java.lang.String,java.lang.String,java.lang.String,java.lang.String,java.lang.String,java.lang.String,java.lang.String,java.lang.String)[pri:2, instance:Test.Signuptest@ff684e1]" started-at="2024-09-20T19:00:59 IST" name="signup" description="Signup Test" data-provider="Readingdatasfromexcelsheet" finished-at="2024-09-20T19:01:53 IST" duration-ms="53470" status="FAIL">
          <params>
            <param index="0">
              <value>
                <![CDATA[Arun6]]>
              </value>
            </param>
            <param index="1">
              <value>
                <![CDATA[K]]>
              </value>
            </param>
            <param index="2">
              <value>
                <![CDATA[arun@gmail.com]]>
              </value>
            </param>
            <param index="3">
              <value>
                <![CDATA[Validation@246810]]>
              </value>
            </param>
            <param index="4">
              <value>
                <![CDATA[Validation@246810]]>
              </value>
            </param>
            <param index="5">
              <value>
                <![CDATA[6.789012351E9]]>
              </value>
            </param>
            <param index="6">
              <value>
                <![CDATA[//p[normalize-space()='Please enter a valid email address.']]]>
              </value>
            </param>
            <param index="7">
              <value>
                <![CDATA[Please enter a valid email address.]]>
              </value>
            </param>
          </params>
          <exception class="org.openqa.selenium.TimeoutException">
            <message>
              <![CDATA[Expected condition failed: waiting for visibility of element located by By.xpath: //p[normalize-space()='Please enter a valid email address.'] (tried for 40 second(s) with 500 milliseconds interval)
Build info: version: '4.18.1', revision: 'b1d3319b48'
System info: os.name: 'Windows 11', os.arch: 'amd64', os.version: '10.0', java.version: '22.0.1'
Driver info: org.openqa.selenium.chrome.ChromeDriver
Capabilities {acceptInsecureCerts: false, browserName: chrome, browserVersion: 128.0.6613.139, chrome: {chromedriverVersion: 128.0.6613.137 (fe621c5aa2d..., userDataDir: C:\Users\harin\AppData\Loca...}, fedcm:accounts: true, goog:chromeOptions: {debuggerAddress: localhost:59728}, networkConnectionEnabled: false, pageLoadStrategy: normal, platformName: windows, proxy: Proxy(), se:cdp: ws://localhost:59728/devtoo..., se:cdpVersion: 128.0.6613.139, setWindowRect: true, strictFileInteractability: false, timeouts: {implicit: 0, pageLoad: 300000, script: 30000}, unhandledPromptBehavior: dismiss and notify, webauthn:extension:credBlob: true, webauthn:extension:largeBlob: true, webauthn:extension:minPinLength: true, webauthn:extension:prf: true, webauthn:virtualAuthenticators: true}
Session ID: 1e285cc12fcfa79aacd87d800957add8]]>
            </message>
            <full-stacktrace>
              <![CDATA[org.openqa.selenium.TimeoutException: Expected condition failed: waiting for visibility of element located by By.xpath: //p[normalize-space()='Please enter a valid email address.'] (tried for 40 second(s) with 500 milliseconds interval)
Build info: version: '4.18.1', revision: 'b1d3319b48'
System info: os.name: 'Windows 11', os.arch: 'amd64', os.version: '10.0', java.version: '22.0.1'
Driver info: org.openqa.selenium.chrome.ChromeDriver
Capabilities {acceptInsecureCerts: false, browserName: chrome, browserVersion: 128.0.6613.139, chrome: {chromedriverVersion: 128.0.6613.137 (fe621c5aa2d..., userDataDir: C:\Users\harin\AppData\Loca...}, fedcm:accounts: true, goog:chromeOptions: {debuggerAddress: localhost:59728}, networkConnectionEnabled: false, pageLoadStrategy: normal, platformName: windows, proxy: Proxy(), se:cdp: ws://localhost:59728/devtoo..., se:cdpVersion: 128.0.6613.139, setWindowRect: true, strictFileInteractability: false, timeouts: {implicit: 0, pageLoad: 300000, script: 30000}, unhandledPromptBehavior: dismiss and notify, webauthn:extension:credBlob: true, webauthn:extension:largeBlob: true, webauthn:extension:minPinLength: true, webauthn:extension:prf: true, webauthn:virtualAuthenticators: true}
Session ID: 1e285cc12fcfa79aacd87d800957add8
at org.openqa.selenium.support.ui.WebDriverWait.timeoutException(WebDriverWait.java:84)
at org.openqa.selenium.support.ui.FluentWait.until(FluentWait.java:228)
at Utility.utils.actandexpec(utils.java:174)
at Test.Signuptest.signup(Signuptest.java:30)
at java.base/jdk.internal.reflect.DirectMethodHandleAccessor.invoke(DirectMethodHandleAccessor.java:103)
at java.base/java.lang.reflect.Method.invoke(Method.java:580)
at org.testng.internal.invokers.MethodInvocationHelper.invokeMethod(MethodInvocationHelper.java:141)
at org.testng.internal.invokers.TestInvoker.invokeMethod(TestInvoker.java:686)
at org.testng.internal.invokers.TestInvoker.invokeTestMethod(TestInvoker.java:230)
at org.testng.internal.invokers.MethodRunner.runInSequence(MethodRunner.java:63)
at org.testng.internal.invokers.TestInvoker$MethodInvocationAgent.invoke(TestInvoker.java:992)
at org.testng.internal.invokers.TestInvoker.invokeTestMethods(TestInvoker.java:203)
at org.testng.internal.invokers.TestMethodWorker.invokeTestMethods(TestMethodWorker.java:154)
at org.testng.internal.invokers.TestMethodWorker.run(TestMethodWorker.java:134)
at java.base/java.util.ArrayList.forEach(ArrayList.java:1597)
at org.testng.TestRunner.privateRun(TestRunner.java:739)
at org.testng.TestRunner.run(TestRunner.java:614)
at org.testng.SuiteRunner.runTest(SuiteRunner.java:421)
at org.testng.SuiteRunner.runSequentially(SuiteRunner.java:413)
at org.testng.SuiteRunner.privateRun(SuiteRunner.java:373)
at org.testng.SuiteRunner.run(SuiteRunner.java:312)
at org.testng.SuiteRunnerWorker.runSuite(SuiteRunnerWorker.java:52)
at org.testng.SuiteRunnerWorker.run(SuiteRunnerWorker.java:95)
at org.testng.TestNG.runSuitesSequentially(TestNG.java:1274)
at org.testng.TestNG.runSuitesLocally(TestNG.java:1208)
at org.testng.TestNG.runSuites(TestNG.java:1112)
at org.testng.TestNG.run(TestNG.java:1079)
at org.testng.remote.AbstractRemoteTestNG.run(AbstractRemoteTestNG.java:115)
at org.testng.remote.RemoteTestNG.initAndRun(RemoteTestNG.java:293)
at org.testng.remote.RemoteTestNG.main(RemoteTestNG.java:91)
]]>
            </full-stacktrace>
          </exception> <!-- org.openqa.selenium.TimeoutException -->
          <reporter-output>
          </reporter-output>
        </test-method> <!-- signup -->
        <test-method is-config="true" signature="after()[pri:0, instance:Test.Signuptest@ff684e1]" started-at="2024-09-20T19:01:53 IST" name="after" finished-at="2024-09-20T19:01:53 IST" duration-ms="267" status="PASS">
          <reporter-output>
          </reporter-output>
        </test-method> <!-- after -->
        <test-method is-config="true" signature="before(java.lang.String)[pri:0, instance:Test.Signuptest@ff684e1]" started-at="2024-09-20T19:01:53 IST" name="before" finished-at="2024-09-20T19:01:54 IST" duration-ms="1327" status="PASS">
          <params>
            <param index="0">
              <value>
                <![CDATA[Chrome]]>
              </value>
            </param>
          </params>
          <reporter-output>
          </reporter-output>
        </test-method> <!-- before -->
        <test-method signature="signup(java.lang.String,java.lang.String,java.lang.String,java.lang.String,java.lang.String,java.lang.String,java.lang.String,java.lang.String)[pri:2, instance:Test.Signuptest@ff684e1]" started-at="2024-09-20T19:01:54 IST" name="signup" description="Signup Test" data-provider="Readingdatasfromexcelsheet" finished-at="2024-09-20T19:02:06 IST" duration-ms="11358" status="PASS">
          <params>
            <param index="0">
              <value>
                <![CDATA[Arun7]]>
              </value>
            </param>
            <param index="1">
              <value>
                <![CDATA[K]]>
              </value>
            </param>
            <param index="2">
              <value>
                <![CDATA[arun@gmail.com]]>
              </value>
            </param>
            <param index="3">
              <value>
                <![CDATA[]]>
              </value>
            </param>
            <param index="4">
              <value>
                <![CDATA[Validation@246810]]>
              </value>
            </param>
            <param index="5">
              <value>
                <![CDATA[6.789012352E9]]>
              </value>
            </param>
            <param index="6">
              <value>
                <![CDATA[//p[normalize-space()='Please enter a strong password.']]]>
              </value>
            </param>
            <param index="7">
              <value>
                <![CDATA[Please enter a strong password.]]>
              </value>
            </param>
          </params>
          <reporter-output>
          </reporter-output>
        </test-method> <!-- signup -->
        <test-method is-config="true" signature="after()[pri:0, instance:Test.Signuptest@ff684e1]" started-at="2024-09-20T19:02:06 IST" name="after" finished-at="2024-09-20T19:02:06 IST" duration-ms="316" status="PASS">
          <reporter-output>
          </reporter-output>
        </test-method> <!-- after -->
        <test-method is-config="true" signature="before(java.lang.String)[pri:0, instance:Test.Signuptest@ff684e1]" started-at="2024-09-20T19:02:06 IST" name="before" finished-at="2024-09-20T19:02:08 IST" duration-ms="2214" status="PASS">
          <params>
            <param index="0">
              <value>
                <![CDATA[Chrome]]>
              </value>
            </param>
          </params>
          <reporter-output>
          </reporter-output>
        </test-method> <!-- before -->
        <test-method signature="signup(java.lang.String,java.lang.String,java.lang.String,java.lang.String,java.lang.String,java.lang.String,java.lang.String,java.lang.String)[pri:2, instance:Test.Signuptest@ff684e1]" started-at="2024-09-20T19:02:08 IST" name="signup" description="Signup Test" data-provider="Readingdatasfromexcelsheet" finished-at="2024-09-20T19:02:23 IST" duration-ms="15338" status="PASS">
          <params>
            <param index="0">
              <value>
                <![CDATA[Arun8]]>
              </value>
            </param>
            <param index="1">
              <value>
                <![CDATA[K]]>
              </value>
            </param>
            <param index="2">
              <value>
                <![CDATA[arun@gmail.com]]>
              </value>
            </param>
            <param index="3">
              <value>
                <![CDATA[Validation@246810]]>
              </value>
            </param>
            <param index="4">
              <value>
                <![CDATA[Validation@246810]]>
              </value>
            </param>
            <param index="5">
              <value>
                <![CDATA[6.789012353E9]]>
              </value>
            </param>
            <param index="6">
              <value>
                <![CDATA[//strong[normalize-space()='Sorry, there was a problem creating your account.']]]>
              </value>
            </param>
            <param index="7">
              <value>
                <![CDATA[Sorry, there was a problem creating your account.]]>
              </value>
            </param>
          </params>
          <reporter-output>
          </reporter-output>
        </test-method> <!-- signup -->
        <test-method is-config="true" signature="after()[pri:0, instance:Test.Signuptest@ff684e1]" started-at="2024-09-20T19:02:23 IST" name="after" finished-at="2024-09-20T19:02:24 IST" duration-ms="365" status="PASS">
          <reporter-output>
          </reporter-output>
        </test-method> <!-- after -->
        <test-method is-config="true" signature="before(java.lang.String)[pri:0, instance:Test.Signuptest@ff684e1]" started-at="2024-09-20T19:02:24 IST" name="before" finished-at="2024-09-20T19:02:26 IST" duration-ms="2260" status="PASS">
          <params>
            <param index="0">
              <value>
                <![CDATA[Chrome]]>
              </value>
            </param>
          </params>
          <reporter-output>
          </reporter-output>
        </test-method> <!-- before -->
        <test-method signature="signup(java.lang.String,java.lang.String,java.lang.String,java.lang.String,java.lang.String,java.lang.String,java.lang.String,java.lang.String)[pri:2, instance:Test.Signuptest@ff684e1]" started-at="2024-09-20T19:02:26 IST" name="signup" description="Signup Test" data-provider="Readingdatasfromexcelsheet" finished-at="2024-09-20T19:02:37 IST" duration-ms="11359" status="PASS">
          <params>
            <param index="0">
              <value>
                <![CDATA[]]>
              </value>
            </param>
            <param index="1">
              <value>
                <![CDATA[K]]>
              </value>
            </param>
            <param index="2">
              <value>
                <![CDATA[arun@gmail.com]]>
              </value>
            </param>
            <param index="3">
              <value>
                <![CDATA[Validation@246810]]>
              </value>
            </param>
            <param index="4">
              <value>
                <![CDATA[Validation@246810]]>
              </value>
            </param>
            <param index="5">
              <value>
                <![CDATA[6.789012345E9]]>
              </value>
            </param>
            <param index="6">
              <value>
                <![CDATA[//p[normalize-space()='Please enter your first name.']]]>
              </value>
            </param>
            <param index="7">
              <value>
                <![CDATA[Please enter your first name.]]>
              </value>
            </param>
          </params>
          <reporter-output>
          </reporter-output>
        </test-method> <!-- signup -->
        <test-method is-config="true" signature="after()[pri:0, instance:Test.Signuptest@ff684e1]" started-at="2024-09-20T19:02:37 IST" name="after" finished-at="2024-09-20T19:02:38 IST" duration-ms="375" status="PASS">
          <reporter-output>
          </reporter-output>
        </test-method> <!-- after -->
      </class> <!-- Test.Signuptest -->
    </test> <!-- Test1 -->
    <test started-at="2024-09-20T19:02:39 IST" name="Test2" finished-at="2024-09-20T19:07:42 IST" duration-ms="303989">
      <class name="Test.Topmenutest">
        <test-method is-config="true" signature="beforetest()[pri:0, instance:Test.Topmenutest@178213b]" started-at="2024-09-20T19:02:39 IST" name="beforetest" finished-at="2024-09-20T19:02:39 IST" duration-ms="0" status="PASS">
          <reporter-output>
          </reporter-output>
        </test-method> <!-- beforetest -->
        <test-method is-config="true" signature="before(java.lang.String)[pri:0, instance:Test.Topmenutest@178213b]" started-at="2024-09-20T19:04:20 IST" name="before" finished-at="2024-09-20T19:04:22 IST" duration-ms="2205" status="PASS">
          <params>
            <param index="0">
              <value>
                <![CDATA[Chrome]]>
              </value>
            </param>
          </params>
          <reporter-output>
          </reporter-output>
        </test-method> <!-- before -->
        <test-method signature="tomenu(java.lang.String,java.lang.String)[pri:4, instance:Test.Topmenutest@178213b]" started-at="2024-09-20T19:04:22 IST" name="tomenu" description="Top buttons in url check" data-provider="Readingdatasfromexcelsheet" finished-at="2024-09-20T19:04:50 IST" duration-ms="27175" status="PASS">
          <params>
            <param index="0">
              <value>
                <![CDATA[//a[@class='utility-menu-flyout-list-item'][.='Credit Cards'][1]]]>
              </value>
            </param>
            <param index="1">
              <value>
                <![CDATA[Best Buy Credit Card: Rewards & Financing]]>
              </value>
            </param>
          </params>
          <reporter-output>
          </reporter-output>
        </test-method> <!-- tomenu -->
        <test-method is-config="true" signature="after()[pri:0, instance:Test.Topmenutest@178213b]" started-at="2024-09-20T19:04:50 IST" name="after" finished-at="2024-09-20T19:04:50 IST" duration-ms="236" status="PASS">
          <reporter-output>
          </reporter-output>
        </test-method> <!-- after -->
        <test-method is-config="true" signature="before(java.lang.String)[pri:0, instance:Test.Topmenutest@178213b]" started-at="2024-09-20T19:04:50 IST" name="before" finished-at="2024-09-20T19:04:52 IST" duration-ms="2198" status="PASS">
          <params>
            <param index="0">
              <value>
                <![CDATA[Chrome]]>
              </value>
            </param>
          </params>
          <reporter-output>
          </reporter-output>
        </test-method> <!-- before -->
        <test-method signature="tomenu(java.lang.String,java.lang.String)[pri:4, instance:Test.Topmenutest@178213b]" started-at="2024-09-20T19:04:52 IST" name="tomenu" description="Top buttons in url check" data-provider="Readingdatasfromexcelsheet" finished-at="2024-09-20T19:05:18 IST" duration-ms="26455" status="PASS">
          <params>
            <param index="0">
              <value>
                <![CDATA[//a[@class='utility-menu-flyout-list-item'][.='Gift Cards'][1]]]>
              </value>
            </param>
            <param index="1">
              <value>
                <![CDATA[Gifts Cards and E-Gift Cards - Best Buy]]>
              </value>
            </param>
          </params>
          <reporter-output>
          </reporter-output>
        </test-method> <!-- tomenu -->
        <test-method is-config="true" signature="after()[pri:0, instance:Test.Topmenutest@178213b]" started-at="2024-09-20T19:05:18 IST" name="after" finished-at="2024-09-20T19:05:19 IST" duration-ms="267" status="PASS">
          <reporter-output>
          </reporter-output>
        </test-method> <!-- after -->
        <test-method is-config="true" signature="before(java.lang.String)[pri:0, instance:Test.Topmenutest@178213b]" started-at="2024-09-20T19:05:19 IST" name="before" finished-at="2024-09-20T19:05:21 IST" duration-ms="2201" status="PASS">
          <params>
            <param index="0">
              <value>
                <![CDATA[Chrome]]>
              </value>
            </param>
          </params>
          <reporter-output>
          </reporter-output>
        </test-method> <!-- before -->
        <test-method signature="tomenu(java.lang.String,java.lang.String)[pri:4, instance:Test.Topmenutest@178213b]" started-at="2024-09-20T19:05:21 IST" name="tomenu" description="Top buttons in url check" data-provider="Readingdatasfromexcelsheet" finished-at="2024-09-20T19:05:48 IST" duration-ms="27043" status="PASS">
          <params>
            <param index="0">
              <value>
                <![CDATA[//a[@class='utility-menu-flyout-list-item'][.='Gift Ideas'][1]]]>
              </value>
            </param>
            <param index="1">
              <value>
                <![CDATA[Gift Ideas 2024: Best Gifts to Give This Year - Best Buy]]>
              </value>
            </param>
          </params>
          <reporter-output>
          </reporter-output>
        </test-method> <!-- tomenu -->
        <test-method is-config="true" signature="after()[pri:0, instance:Test.Topmenutest@178213b]" started-at="2024-09-20T19:05:48 IST" name="after" finished-at="2024-09-20T19:05:48 IST" duration-ms="240" status="PASS">
          <reporter-output>
          </reporter-output>
        </test-method> <!-- after -->
        <test-method is-config="true" signature="before(java.lang.String)[pri:0, instance:Test.Topmenutest@178213b]" started-at="2024-09-20T19:05:48 IST" name="before" finished-at="2024-09-20T19:05:49 IST" duration-ms="1193" status="PASS">
          <params>
            <param index="0">
              <value>
                <![CDATA[Chrome]]>
              </value>
            </param>
          </params>
          <reporter-output>
          </reporter-output>
        </test-method> <!-- before -->
        <test-method signature="tomenu(java.lang.String,java.lang.String)[pri:4, instance:Test.Topmenutest@178213b]" started-at="2024-09-20T19:05:49 IST" name="tomenu" description="Top buttons in url check" data-provider="Readingdatasfromexcelsheet" finished-at="2024-09-20T19:06:01 IST" duration-ms="11076" status="PASS">
          <params>
            <param index="0">
              <value>
                <![CDATA[(//a[normalize-space()='Best Buy Outlet'])[1]]]>
              </value>
            </param>
            <param index="1">
              <value>
                <![CDATA[Best Buy Outlet: Clearance Electronics Outlet Store – Best Buy]]>
              </value>
            </param>
          </params>
          <reporter-output>
          </reporter-output>
        </test-method> <!-- tomenu -->
        <test-method is-config="true" signature="after()[pri:0, instance:Test.Topmenutest@178213b]" started-at="2024-09-20T19:06:01 IST" name="after" finished-at="2024-09-20T19:06:02 IST" duration-ms="1705" status="PASS">
          <reporter-output>
          </reporter-output>
        </test-method> <!-- after -->
        <test-method is-config="true" signature="before(java.lang.String)[pri:0, instance:Test.Topmenutest@178213b]" started-at="2024-09-20T19:06:02 IST" name="before" finished-at="2024-09-20T19:06:04 IST" duration-ms="2146" status="PASS">
          <params>
            <param index="0">
              <value>
                <![CDATA[Chrome]]>
              </value>
            </param>
          </params>
          <reporter-output>
          </reporter-output>
        </test-method> <!-- before -->
        <test-method signature="tomenu(java.lang.String,java.lang.String)[pri:4, instance:Test.Topmenutest@178213b]" started-at="2024-09-20T19:06:04 IST" name="tomenu" description="Top buttons in url check" data-provider="Readingdatasfromexcelsheet" finished-at="2024-09-20T19:06:15 IST" duration-ms="10361" status="PASS">
          <params>
            <param index="0">
              <value>
                <![CDATA[(//a[.='Best Buy Business'])[1]]]>
              </value>
            </param>
            <param index="1">
              <value>
                <![CDATA[Best Buy for Business - Best Buy]]>
              </value>
            </param>
          </params>
          <reporter-output>
          </reporter-output>
        </test-method> <!-- tomenu -->
        <test-method is-config="true" signature="after()[pri:0, instance:Test.Topmenutest@178213b]" started-at="2024-09-20T19:06:15 IST" name="after" finished-at="2024-09-20T19:06:15 IST" duration-ms="174" status="PASS">
          <reporter-output>
          </reporter-output>
        </test-method> <!-- after -->
        <test-method is-config="true" signature="before(java.lang.String)[pri:0, instance:Test.Topmenutest@178213b]" started-at="2024-09-20T19:06:15 IST" name="before" finished-at="2024-09-20T19:06:16 IST" duration-ms="1522" status="PASS">
          <params>
            <param index="0">
              <value>
                <![CDATA[Chrome]]>
              </value>
            </param>
          </params>
          <reporter-output>
          </reporter-output>
        </test-method> <!-- before -->
        <test-method signature="tomenu(java.lang.String,java.lang.String)[pri:4, instance:Test.Topmenutest@178213b]" started-at="2024-09-20T19:06:16 IST" name="tomenu" description="Top buttons in url check" data-provider="Readingdatasfromexcelsheet" finished-at="2024-09-20T19:06:28 IST" duration-ms="11944" status="PASS">
          <params>
            <param index="0">
              <value>
                <![CDATA[(//a[@class='universal-nav-link'][normalize-space()='Connect with an Expert'])[1]]]>
              </value>
            </param>
            <param index="1">
              <value>
                <![CDATA[Shop with an Expert - Best Buy]]>
              </value>
            </param>
          </params>
          <reporter-output>
          </reporter-output>
        </test-method> <!-- tomenu -->
        <test-method is-config="true" signature="after()[pri:0, instance:Test.Topmenutest@178213b]" started-at="2024-09-20T19:06:28 IST" name="after" finished-at="2024-09-20T19:06:29 IST" duration-ms="221" status="PASS">
          <reporter-output>
          </reporter-output>
        </test-method> <!-- after -->
        <test-method is-config="true" signature="before(java.lang.String)[pri:0, instance:Test.Topmenutest@178213b]" started-at="2024-09-20T19:06:29 IST" name="before" finished-at="2024-09-20T19:06:30 IST" duration-ms="1166" status="PASS">
          <params>
            <param index="0">
              <value>
                <![CDATA[Chrome]]>
              </value>
            </param>
          </params>
          <reporter-output>
          </reporter-output>
        </test-method> <!-- before -->
        <test-method signature="tomenu(java.lang.String,java.lang.String)[pri:4, instance:Test.Topmenutest@178213b]" started-at="2024-09-20T19:06:30 IST" name="tomenu" description="Top buttons in url check" data-provider="Readingdatasfromexcelsheet" finished-at="2024-09-20T19:06:40 IST" duration-ms="10056" status="PASS">
          <params>
            <param index="0">
              <value>
                <![CDATA[//span[.='Cart']]]>
              </value>
            </param>
            <param index="1">
              <value>
                <![CDATA[Cart - Best Buy]]>
              </value>
            </param>
          </params>
          <reporter-output>
          </reporter-output>
        </test-method> <!-- tomenu -->
        <test-method is-config="true" signature="after()[pri:0, instance:Test.Topmenutest@178213b]" started-at="2024-09-20T19:06:40 IST" name="after" finished-at="2024-09-20T19:06:40 IST" duration-ms="221" status="PASS">
          <reporter-output>
          </reporter-output>
        </test-method> <!-- after -->
        <test-method is-config="true" signature="before(java.lang.String)[pri:0, instance:Test.Topmenutest@178213b]" started-at="2024-09-20T19:06:40 IST" name="before" finished-at="2024-09-20T19:06:42 IST" duration-ms="2250" status="PASS">
          <params>
            <param index="0">
              <value>
                <![CDATA[Chrome]]>
              </value>
            </param>
          </params>
          <reporter-output>
          </reporter-output>
        </test-method> <!-- before -->
        <test-method signature="tomenu(java.lang.String,java.lang.String)[pri:4, instance:Test.Topmenutest@178213b]" started-at="2024-09-20T19:06:42 IST" name="tomenu" description="Top buttons in url check" data-provider="Readingdatasfromexcelsheet" finished-at="2024-09-20T19:07:02 IST" duration-ms="19346" status="PASS">
          <params>
            <param index="0">
              <value>
                <![CDATA[(//a[normalize-space()='Top Deals'])[1]]]>
              </value>
            </param>
            <param index="1">
              <value>
                <![CDATA[Best Buy Top Deals]]>
              </value>
            </param>
          </params>
          <reporter-output>
          </reporter-output>
        </test-method> <!-- tomenu -->
        <test-method is-config="true" signature="after()[pri:0, instance:Test.Topmenutest@178213b]" started-at="2024-09-20T19:07:02 IST" name="after" finished-at="2024-09-20T19:07:02 IST" duration-ms="241" status="PASS">
          <reporter-output>
          </reporter-output>
        </test-method> <!-- after -->
        <test-method is-config="true" signature="before(java.lang.String)[pri:0, instance:Test.Topmenutest@178213b]" started-at="2024-09-20T19:07:02 IST" name="before" finished-at="2024-09-20T19:07:03 IST" duration-ms="1339" status="PASS">
          <params>
            <param index="0">
              <value>
                <![CDATA[Chrome]]>
              </value>
            </param>
          </params>
          <reporter-output>
          </reporter-output>
        </test-method> <!-- before -->
        <test-method signature="tomenu(java.lang.String,java.lang.String)[pri:4, instance:Test.Topmenutest@178213b]" started-at="2024-09-20T19:07:03 IST" name="tomenu" description="Top buttons in url check" data-provider="Readingdatasfromexcelsheet" finished-at="2024-09-20T19:07:14 IST" duration-ms="10982" status="PASS">
          <params>
            <param index="0">
              <value>
                <![CDATA[//a[.='Deal of the Day'][1]]]>
              </value>
            </param>
            <param index="1">
              <value>
                <![CDATA[Deal of the Day: Electronics Deals - Best Buy]]>
              </value>
            </param>
          </params>
          <reporter-output>
          </reporter-output>
        </test-method> <!-- tomenu -->
        <test-method is-config="true" signature="after()[pri:0, instance:Test.Topmenutest@178213b]" started-at="2024-09-20T19:07:14 IST" name="after" finished-at="2024-09-20T19:07:16 IST" duration-ms="1707" status="PASS">
          <reporter-output>
          </reporter-output>
        </test-method> <!-- after -->
        <test-method is-config="true" signature="before(java.lang.String)[pri:0, instance:Test.Topmenutest@178213b]" started-at="2024-09-20T19:07:16 IST" name="before" finished-at="2024-09-20T19:07:18 IST" duration-ms="2335" status="PASS">
          <params>
            <param index="0">
              <value>
                <![CDATA[Chrome]]>
              </value>
            </param>
          </params>
          <reporter-output>
          </reporter-output>
        </test-method> <!-- before -->
        <test-method signature="tomenu(java.lang.String,java.lang.String)[pri:4, instance:Test.Topmenutest@178213b]" started-at="2024-09-20T19:07:18 IST" name="tomenu" description="Top buttons in url check" data-provider="Readingdatasfromexcelsheet" finished-at="2024-09-20T19:07:30 IST" duration-ms="11475" status="PASS">
          <params>
            <param index="0">
              <value>
                <![CDATA[//a[.='Yes, Best Buy Sells That'][1]]]>
              </value>
            </param>
            <param index="1">
              <value>
                <![CDATA[Yes, Best Buy Sells That – Best Buy]]>
              </value>
            </param>
          </params>
          <reporter-output>
          </reporter-output>
        </test-method> <!-- tomenu -->
        <test-method is-config="true" signature="after()[pri:0, instance:Test.Topmenutest@178213b]" started-at="2024-09-20T19:07:30 IST" name="after" finished-at="2024-09-20T19:07:30 IST" duration-ms="205" status="PASS">
          <reporter-output>
          </reporter-output>
        </test-method> <!-- after -->
        <test-method is-config="true" signature="before(java.lang.String)[pri:0, instance:Test.Topmenutest@178213b]" started-at="2024-09-20T19:07:30 IST" name="before" finished-at="2024-09-20T19:07:32 IST" duration-ms="1630" status="PASS">
          <params>
            <param index="0">
              <value>
                <![CDATA[Chrome]]>
              </value>
            </param>
          </params>
          <reporter-output>
          </reporter-output>
        </test-method> <!-- before -->
        <test-method signature="tomenu(java.lang.String,java.lang.String)[pri:4, instance:Test.Topmenutest@178213b]" started-at="2024-09-20T19:07:32 IST" name="tomenu" description="Top buttons in url check" data-provider="Readingdatasfromexcelsheet" finished-at="2024-09-20T19:07:42 IST" duration-ms="10766" status="PASS">
          <params>
            <param index="0">
              <value>
                <![CDATA[(//a[@class='bottom-left-links '][.='My Best Buy Memberships'])[1]]]>
              </value>
            </param>
            <param index="1">
              <value>
                <![CDATA[My Best Buy Memberships]]>
              </value>
            </param>
          </params>
          <reporter-output>
          </reporter-output>
        </test-method> <!-- tomenu -->
        <test-method is-config="true" signature="after()[pri:0, instance:Test.Topmenutest@178213b]" started-at="2024-09-20T19:07:42 IST" name="after" finished-at="2024-09-20T19:07:42 IST" duration-ms="173" status="PASS">
          <reporter-output>
          </reporter-output>
        </test-method> <!-- after -->
      </class> <!-- Test.Topmenutest -->
      <class name="Test.LoginTest">
        <test-method is-config="true" signature="beforetest()[pri:0, instance:Test.LoginTest@613a8ee1]" started-at="2024-09-20T19:02:39 IST" name="beforetest" finished-at="2024-09-20T19:02:39 IST" duration-ms="0" status="PASS">
          <reporter-output>
          </reporter-output>
        </test-method> <!-- beforetest -->
        <test-method is-config="true" signature="before(java.lang.String)[pri:0, instance:Test.LoginTest@613a8ee1]" started-at="2024-09-20T19:02:39 IST" name="before" finished-at="2024-09-20T19:02:41 IST" duration-ms="2186" status="PASS">
          <params>
            <param index="0">
              <value>
                <![CDATA[Chrome]]>
              </value>
            </param>
          </params>
          <reporter-output>
          </reporter-output>
        </test-method> <!-- before -->
        <test-method signature="logintest(java.lang.String,java.lang.String,java.lang.String,java.lang.String)[pri:3, instance:Test.LoginTest@613a8ee1]" started-at="2024-09-20T19:02:41 IST" name="logintest" description="Login test" data-provider="Readingdatasfromexcelsheet" finished-at="2024-09-20T19:02:53 IST" duration-ms="11795" status="PASS">
          <params>
            <param index="0">
              <value>
                <![CDATA[arun@gmail.com]]>
              </value>
            </param>
            <param index="1">
              <value>
                <![CDATA[]]>
              </value>
            </param>
            <param index="2">
              <value>
                <![CDATA[//p[normalize-space()='Please enter your password.']]]>
              </value>
            </param>
            <param index="3">
              <value>
                <![CDATA[Please enter your password.]]>
              </value>
            </param>
          </params>
          <reporter-output>
          </reporter-output>
        </test-method> <!-- logintest -->
        <test-method is-config="true" signature="after()[pri:0, instance:Test.LoginTest@613a8ee1]" started-at="2024-09-20T19:02:53 IST" name="after" finished-at="2024-09-20T19:02:54 IST" duration-ms="1795" status="PASS">
          <reporter-output>
          </reporter-output>
        </test-method> <!-- after -->
        <test-method is-config="true" signature="before(java.lang.String)[pri:0, instance:Test.LoginTest@613a8ee1]" started-at="2024-09-20T19:02:54 IST" name="before" finished-at="2024-09-20T19:02:56 IST" duration-ms="1194" status="PASS">
          <params>
            <param index="0">
              <value>
                <![CDATA[Chrome]]>
              </value>
            </param>
          </params>
          <reporter-output>
          </reporter-output>
        </test-method> <!-- before -->
        <test-method signature="logintest(java.lang.String,java.lang.String,java.lang.String,java.lang.String)[pri:3, instance:Test.LoginTest@613a8ee1]" started-at="2024-09-20T19:02:56 IST" name="logintest" description="Login test" data-provider="Readingdatasfromexcelsheet" finished-at="2024-09-20T19:03:09 IST" duration-ms="12882" status="PASS">
          <params>
            <param index="0">
              <value>
                <![CDATA[]]>
              </value>
            </param>
            <param index="1">
              <value>
                <![CDATA[Validation@246810]]>
              </value>
            </param>
            <param index="2">
              <value>
                <![CDATA[//p[normalize-space()='Please enter a valid email address.']]]>
              </value>
            </param>
            <param index="3">
              <value>
                <![CDATA[Please enter a valid email address.]]>
              </value>
            </param>
          </params>
          <reporter-output>
          </reporter-output>
        </test-method> <!-- logintest -->
        <test-method is-config="true" signature="after()[pri:0, instance:Test.LoginTest@613a8ee1]" started-at="2024-09-20T19:03:09 IST" name="after" finished-at="2024-09-20T19:03:09 IST" duration-ms="342" status="PASS">
          <reporter-output>
          </reporter-output>
        </test-method> <!-- after -->
        <test-method is-config="true" signature="before(java.lang.String)[pri:0, instance:Test.LoginTest@613a8ee1]" started-at="2024-09-20T19:03:09 IST" name="before" finished-at="2024-09-20T19:03:10 IST" duration-ms="1593" status="PASS">
          <params>
            <param index="0">
              <value>
                <![CDATA[Chrome]]>
              </value>
            </param>
          </params>
          <reporter-output>
          </reporter-output>
        </test-method> <!-- before -->
        <test-method signature="logintest(java.lang.String,java.lang.String,java.lang.String,java.lang.String)[pri:3, instance:Test.LoginTest@613a8ee1]" started-at="2024-09-20T19:03:10 IST" name="logintest" description="Login test" data-provider="Readingdatasfromexcelsheet" finished-at="2024-09-20T19:03:59 IST" duration-ms="48837" status="FAIL">
          <params>
            <param index="0">
              <value>
                <![CDATA[arun@gmail.com]]>
              </value>
            </param>
            <param index="1">
              <value>
                <![CDATA[Validation@246810]]>
              </value>
            </param>
            <param index="2">
              <value>
                <![CDATA[//h1[.='Verify Your Account']]]>
              </value>
            </param>
            <param index="3">
              <value>
                <![CDATA[Verify Your Account]]>
              </value>
            </param>
          </params>
          <exception class="org.openqa.selenium.TimeoutException">
            <message>
              <![CDATA[Expected condition failed: waiting for visibility of element located by By.xpath: //h1[.='Verify Your Account'] (tried for 40 second(s) with 500 milliseconds interval)
Build info: version: '4.18.1', revision: 'b1d3319b48'
System info: os.name: 'Windows 11', os.arch: 'amd64', os.version: '10.0', java.version: '22.0.1'
Driver info: org.openqa.selenium.chrome.ChromeDriver
Capabilities {acceptInsecureCerts: false, browserName: chrome, browserVersion: 128.0.6613.139, chrome: {chromedriverVersion: 128.0.6613.137 (fe621c5aa2d..., userDataDir: C:\Users\harin\AppData\Loca...}, fedcm:accounts: true, goog:chromeOptions: {debuggerAddress: localhost:60806}, networkConnectionEnabled: false, pageLoadStrategy: normal, platformName: windows, proxy: Proxy(), se:cdp: ws://localhost:60806/devtoo..., se:cdpVersion: 128.0.6613.139, setWindowRect: true, strictFileInteractability: false, timeouts: {implicit: 0, pageLoad: 300000, script: 30000}, unhandledPromptBehavior: dismiss and notify, webauthn:extension:credBlob: true, webauthn:extension:largeBlob: true, webauthn:extension:minPinLength: true, webauthn:extension:prf: true, webauthn:virtualAuthenticators: true}
Session ID: f432a89bf944edf5a17adbc3ae0c9f64]]>
            </message>
            <full-stacktrace>
              <![CDATA[org.openqa.selenium.TimeoutException: Expected condition failed: waiting for visibility of element located by By.xpath: //h1[.='Verify Your Account'] (tried for 40 second(s) with 500 milliseconds interval)
Build info: version: '4.18.1', revision: 'b1d3319b48'
System info: os.name: 'Windows 11', os.arch: 'amd64', os.version: '10.0', java.version: '22.0.1'
Driver info: org.openqa.selenium.chrome.ChromeDriver
Capabilities {acceptInsecureCerts: false, browserName: chrome, browserVersion: 128.0.6613.139, chrome: {chromedriverVersion: 128.0.6613.137 (fe621c5aa2d..., userDataDir: C:\Users\harin\AppData\Loca...}, fedcm:accounts: true, goog:chromeOptions: {debuggerAddress: localhost:60806}, networkConnectionEnabled: false, pageLoadStrategy: normal, platformName: windows, proxy: Proxy(), se:cdp: ws://localhost:60806/devtoo..., se:cdpVersion: 128.0.6613.139, setWindowRect: true, strictFileInteractability: false, timeouts: {implicit: 0, pageLoad: 300000, script: 30000}, unhandledPromptBehavior: dismiss and notify, webauthn:extension:credBlob: true, webauthn:extension:largeBlob: true, webauthn:extension:minPinLength: true, webauthn:extension:prf: true, webauthn:virtualAuthenticators: true}
Session ID: f432a89bf944edf5a17adbc3ae0c9f64
at org.openqa.selenium.support.ui.WebDriverWait.timeoutException(WebDriverWait.java:84)
at org.openqa.selenium.support.ui.FluentWait.until(FluentWait.java:228)
at Utility.utils.actandexpec(utils.java:174)
at Test.LoginTest.logintest(LoginTest.java:32)
at java.base/jdk.internal.reflect.DirectMethodHandleAccessor.invoke(DirectMethodHandleAccessor.java:103)
at java.base/java.lang.reflect.Method.invoke(Method.java:580)
at org.testng.internal.invokers.MethodInvocationHelper.invokeMethod(MethodInvocationHelper.java:141)
at org.testng.internal.invokers.TestInvoker.invokeMethod(TestInvoker.java:686)
at org.testng.internal.invokers.TestInvoker.invokeTestMethod(TestInvoker.java:230)
at org.testng.internal.invokers.MethodRunner.runInSequence(MethodRunner.java:63)
at org.testng.internal.invokers.TestInvoker$MethodInvocationAgent.invoke(TestInvoker.java:992)
at org.testng.internal.invokers.TestInvoker.invokeTestMethods(TestInvoker.java:203)
at org.testng.internal.invokers.TestMethodWorker.invokeTestMethods(TestMethodWorker.java:154)
at org.testng.internal.invokers.TestMethodWorker.run(TestMethodWorker.java:134)
at java.base/java.util.ArrayList.forEach(ArrayList.java:1597)
at org.testng.TestRunner.privateRun(TestRunner.java:739)
at org.testng.TestRunner.run(TestRunner.java:614)
at org.testng.SuiteRunner.runTest(SuiteRunner.java:421)
at org.testng.SuiteRunner.runSequentially(SuiteRunner.java:413)
at org.testng.SuiteRunner.privateRun(SuiteRunner.java:373)
at org.testng.SuiteRunner.run(SuiteRunner.java:312)
at org.testng.SuiteRunnerWorker.runSuite(SuiteRunnerWorker.java:52)
at org.testng.SuiteRunnerWorker.run(SuiteRunnerWorker.java:95)
at org.testng.TestNG.runSuitesSequentially(TestNG.java:1274)
at org.testng.TestNG.runSuitesLocally(TestNG.java:1208)
at org.testng.TestNG.runSuites(TestNG.java:1112)
at org.testng.TestNG.run(TestNG.java:1079)
at org.testng.remote.AbstractRemoteTestNG.run(AbstractRemoteTestNG.java:115)
at org.testng.remote.RemoteTestNG.initAndRun(RemoteTestNG.java:293)
at org.testng.remote.RemoteTestNG.main(RemoteTestNG.java:91)
]]>
            </full-stacktrace>
          </exception> <!-- org.openqa.selenium.TimeoutException -->
          <reporter-output>
          </reporter-output>
        </test-method> <!-- logintest -->
        <test-method is-config="true" signature="after()[pri:0, instance:Test.LoginTest@613a8ee1]" started-at="2024-09-20T19:03:59 IST" name="after" finished-at="2024-09-20T19:04:00 IST" duration-ms="267" status="PASS">
          <reporter-output>
          </reporter-output>
        </test-method> <!-- after -->
        <test-method is-config="true" signature="before(java.lang.String)[pri:0, instance:Test.LoginTest@613a8ee1]" started-at="2024-09-20T19:04:00 IST" name="before" finished-at="2024-09-20T19:04:02 IST" duration-ms="2487" status="PASS">
          <params>
            <param index="0">
              <value>
                <![CDATA[Chrome]]>
              </value>
            </param>
          </params>
          <reporter-output>
          </reporter-output>
        </test-method> <!-- before -->
        <test-method signature="logintest(java.lang.String,java.lang.String,java.lang.String,java.lang.String)[pri:3, instance:Test.LoginTest@613a8ee1]" started-at="2024-09-20T19:04:02 IST" name="logintest" description="Login test" data-provider="Readingdatasfromexcelsheet" finished-at="2024-09-20T19:04:20 IST" duration-ms="17632" status="PASS">
          <params>
            <param index="0">
              <value>
                <![CDATA[arun@gmail.com]]>
              </value>
            </param>
            <param index="1">
              <value>
                <![CDATA[Validation@246810]]>
              </value>
            </param>
            <param index="2">
              <value>
                <![CDATA[//strong[normalize-space()='Sorry, something went wrong. Please try again.']]]>
              </value>
            </param>
            <param index="3">
              <value>
                <![CDATA[Sorry, something went wrong. Please try again.]]>
              </value>
            </param>
          </params>
          <reporter-output>
          </reporter-output>
        </test-method> <!-- logintest -->
        <test-method is-config="true" signature="after()[pri:0, instance:Test.LoginTest@613a8ee1]" started-at="2024-09-20T19:04:20 IST" name="after" finished-at="2024-09-20T19:04:20 IST" duration-ms="185" status="PASS">
          <reporter-output>
          </reporter-output>
        </test-method> <!-- after -->
      </class> <!-- Test.LoginTest -->
    </test> <!-- Test2 -->
    <test started-at="2024-09-20T19:07:43 IST" name="Test3" finished-at="2024-09-20T19:09:45 IST" duration-ms="122131">
      <class name="Test.Bottomlinktest">
        <test-method is-config="true" signature="beforetest()[pri:0, instance:Test.Bottomlinktest@2807bdeb]" started-at="2024-09-20T19:07:43 IST" name="beforetest" finished-at="2024-09-20T19:07:43 IST" duration-ms="0" status="PASS">
          <reporter-output>
          </reporter-output>
        </test-method> <!-- beforetest -->
        <test-method is-config="true" signature="before(java.lang.String)[pri:0, instance:Test.Bottomlinktest@2807bdeb]" started-at="2024-09-20T19:07:43 IST" name="before" finished-at="2024-09-20T19:07:45 IST" duration-ms="1717" status="PASS">
          <params>
            <param index="0">
              <value>
                <![CDATA[Chrome]]>
              </value>
            </param>
          </params>
          <reporter-output>
          </reporter-output>
        </test-method> <!-- before -->
        <test-method signature="bottommenu(java.lang.String,java.lang.String)[pri:5, instance:Test.Bottomlinktest@2807bdeb]" started-at="2024-09-20T19:07:45 IST" name="bottommenu" description="Bottom buttons in url test" data-provider="Readingdatasfromexcelsheet" finished-at="2024-09-20T19:07:51 IST" duration-ms="5992" status="PASS">
          <params>
            <param index="0">
              <value>
                <![CDATA[//a[normalize-space()='Accessibility']]]>
              </value>
            </param>
            <param index="1">
              <value>
                <![CDATA[Accessibility - Best Buy]]>
              </value>
            </param>
          </params>
          <reporter-output>
          </reporter-output>
        </test-method> <!-- bottommenu -->
        <test-method is-config="true" signature="after()[pri:0, instance:Test.Bottomlinktest@2807bdeb]" started-at="2024-09-20T19:07:51 IST" name="after" finished-at="2024-09-20T19:07:51 IST" duration-ms="187" status="PASS">
          <reporter-output>
          </reporter-output>
        </test-method> <!-- after -->
        <test-method is-config="true" signature="before(java.lang.String)[pri:0, instance:Test.Bottomlinktest@2807bdeb]" started-at="2024-09-20T19:07:51 IST" name="before" finished-at="2024-09-20T19:07:53 IST" duration-ms="2338" status="PASS">
          <params>
            <param index="0">
              <value>
                <![CDATA[Chrome]]>
              </value>
            </param>
          </params>
          <reporter-output>
          </reporter-output>
        </test-method> <!-- before -->
        <test-method signature="bottommenu(java.lang.String,java.lang.String)[pri:5, instance:Test.Bottomlinktest@2807bdeb]" started-at="2024-09-20T19:07:53 IST" name="bottommenu" description="Bottom buttons in url test" data-provider="Readingdatasfromexcelsheet" finished-at="2024-09-20T19:07:59 IST" duration-ms="5935" status="PASS">
          <params>
            <param index="0">
              <value>
                <![CDATA[//a[normalize-space()='Terms & Conditions']]]>
              </value>
            </param>
            <param index="1">
              <value>
                <![CDATA[BestBuy.com Terms and Conditions]]>
              </value>
            </param>
          </params>
          <reporter-output>
          </reporter-output>
        </test-method> <!-- bottommenu -->
        <test-method is-config="true" signature="after()[pri:0, instance:Test.Bottomlinktest@2807bdeb]" started-at="2024-09-20T19:07:59 IST" name="after" finished-at="2024-09-20T19:07:59 IST" duration-ms="157" status="PASS">
          <reporter-output>
          </reporter-output>
        </test-method> <!-- after -->
        <test-method is-config="true" signature="before(java.lang.String)[pri:0, instance:Test.Bottomlinktest@2807bdeb]" started-at="2024-09-20T19:07:59 IST" name="before" finished-at="2024-09-20T19:08:01 IST" duration-ms="1774" status="PASS">
          <params>
            <param index="0">
              <value>
                <![CDATA[Chrome]]>
              </value>
            </param>
          </params>
          <reporter-output>
          </reporter-output>
        </test-method> <!-- before -->
        <test-method signature="bottommenu(java.lang.String,java.lang.String)[pri:5, instance:Test.Bottomlinktest@2807bdeb]" started-at="2024-09-20T19:08:01 IST" name="bottommenu" description="Bottom buttons in url test" data-provider="Readingdatasfromexcelsheet" finished-at="2024-09-20T19:08:09 IST" duration-ms="8503" status="PASS">
          <params>
            <param index="0">
              <value>
                <![CDATA[//a[normalize-space()='Privacy']]]>
              </value>
            </param>
            <param index="1">
              <value>
                <![CDATA[Privacy Policy Hub - Best Buy]]>
              </value>
            </param>
          </params>
          <reporter-output>
          </reporter-output>
        </test-method> <!-- bottommenu -->
        <test-method is-config="true" signature="after()[pri:0, instance:Test.Bottomlinktest@2807bdeb]" started-at="2024-09-20T19:08:09 IST" name="after" finished-at="2024-09-20T19:08:10 IST" duration-ms="130" status="PASS">
          <reporter-output>
          </reporter-output>
        </test-method> <!-- after -->
        <test-method is-config="true" signature="before(java.lang.String)[pri:0, instance:Test.Bottomlinktest@2807bdeb]" started-at="2024-09-20T19:08:10 IST" name="before" finished-at="2024-09-20T19:08:12 IST" duration-ms="2462" status="PASS">
          <params>
            <param index="0">
              <value>
                <![CDATA[Chrome]]>
              </value>
            </param>
          </params>
          <reporter-output>
          </reporter-output>
        </test-method> <!-- before -->
        <test-method signature="bottommenu(java.lang.String,java.lang.String)[pri:5, instance:Test.Bottomlinktest@2807bdeb]" started-at="2024-09-20T19:08:12 IST" name="bottommenu" description="Bottom buttons in url test" data-provider="Readingdatasfromexcelsheet" finished-at="2024-09-20T19:08:18 IST" duration-ms="6274" status="PASS">
          <params>
            <param index="0">
              <value>
                <![CDATA[//a[normalize-space()='Interest-Based Ads']]]>
              </value>
            </param>
            <param index="1">
              <value>
                <![CDATA[Interest-Based Ads - Best Buy]]>
              </value>
            </param>
          </params>
          <reporter-output>
          </reporter-output>
        </test-method> <!-- bottommenu -->
        <test-method is-config="true" signature="after()[pri:0, instance:Test.Bottomlinktest@2807bdeb]" started-at="2024-09-20T19:08:18 IST" name="after" finished-at="2024-09-20T19:08:18 IST" duration-ms="153" status="PASS">
          <reporter-output>
          </reporter-output>
        </test-method> <!-- after -->
        <test-method is-config="true" signature="before(java.lang.String)[pri:0, instance:Test.Bottomlinktest@2807bdeb]" started-at="2024-09-20T19:08:18 IST" name="before" finished-at="2024-09-20T19:08:20 IST" duration-ms="1578" status="PASS">
          <params>
            <param index="0">
              <value>
                <![CDATA[Chrome]]>
              </value>
            </param>
          </params>
          <reporter-output>
          </reporter-output>
        </test-method> <!-- before -->
        <test-method signature="bottommenu(java.lang.String,java.lang.String)[pri:5, instance:Test.Bottomlinktest@2807bdeb]" started-at="2024-09-20T19:08:20 IST" name="bottommenu" description="Bottom buttons in url test" data-provider="Readingdatasfromexcelsheet" finished-at="2024-09-20T19:08:27 IST" duration-ms="7053" status="PASS">
          <params>
            <param index="0">
              <value>
                <![CDATA[//a[normalize-space()='State Privacy Rights']]]>
              </value>
            </param>
            <param index="1">
              <value>
                <![CDATA[State Privacy Rights - Best Buy]]>
              </value>
            </param>
          </params>
          <reporter-output>
          </reporter-output>
        </test-method> <!-- bottommenu -->
        <test-method is-config="true" signature="after()[pri:0, instance:Test.Bottomlinktest@2807bdeb]" started-at="2024-09-20T19:08:27 IST" name="after" finished-at="2024-09-20T19:08:27 IST" duration-ms="148" status="PASS">
          <reporter-output>
          </reporter-output>
        </test-method> <!-- after -->
        <test-method is-config="true" signature="before(java.lang.String)[pri:0, instance:Test.Bottomlinktest@2807bdeb]" started-at="2024-09-20T19:08:27 IST" name="before" finished-at="2024-09-20T19:08:29 IST" duration-ms="1492" status="PASS">
          <params>
            <param index="0">
              <value>
                <![CDATA[Chrome]]>
              </value>
            </param>
          </params>
          <reporter-output>
          </reporter-output>
        </test-method> <!-- before -->
        <test-method signature="bottommenu(java.lang.String,java.lang.String)[pri:5, instance:Test.Bottomlinktest@2807bdeb]" started-at="2024-09-20T19:08:29 IST" name="bottommenu" description="Bottom buttons in url test" data-provider="Readingdatasfromexcelsheet" finished-at="2024-09-20T19:08:35 IST" duration-ms="6633" status="PASS">
          <params>
            <param index="0">
              <value>
                <![CDATA[//a[normalize-space()='Health Data Privacy']]]>
              </value>
            </param>
            <param index="1">
              <value>
                <![CDATA[Health Data Privacy Information - Best Buy]]>
              </value>
            </param>
          </params>
          <reporter-output>
          </reporter-output>
        </test-method> <!-- bottommenu -->
        <test-method is-config="true" signature="after()[pri:0, instance:Test.Bottomlinktest@2807bdeb]" started-at="2024-09-20T19:08:35 IST" name="after" finished-at="2024-09-20T19:08:35 IST" duration-ms="130" status="PASS">
          <reporter-output>
          </reporter-output>
        </test-method> <!-- after -->
        <test-method is-config="true" signature="before(java.lang.String)[pri:0, instance:Test.Bottomlinktest@2807bdeb]" started-at="2024-09-20T19:08:35 IST" name="before" finished-at="2024-09-20T19:08:37 IST" duration-ms="1811" status="PASS">
          <params>
            <param index="0">
              <value>
                <![CDATA[Chrome]]>
              </value>
            </param>
          </params>
          <reporter-output>
          </reporter-output>
        </test-method> <!-- before -->
        <test-method signature="bottommenu(java.lang.String,java.lang.String)[pri:5, instance:Test.Bottomlinktest@2807bdeb]" started-at="2024-09-20T19:08:37 IST" name="bottommenu" description="Bottom buttons in url test" data-provider="Readingdatasfromexcelsheet" finished-at="2024-09-20T19:08:43 IST" duration-ms="6202" status="PASS">
          <params>
            <param index="0">
              <value>
                <![CDATA[//a[normalize-space()='Do Not Sell/Share My Personal Information']]]>
              </value>
            </param>
            <param index="1">
              <value>
                <![CDATA[Start Request - Best Buy]]>
              </value>
            </param>
          </params>
          <reporter-output>
          </reporter-output>
        </test-method> <!-- bottommenu -->
        <test-method is-config="true" signature="after()[pri:0, instance:Test.Bottomlinktest@2807bdeb]" started-at="2024-09-20T19:08:43 IST" name="after" finished-at="2024-09-20T19:08:44 IST" duration-ms="146" status="PASS">
          <reporter-output>
          </reporter-output>
        </test-method> <!-- after -->
        <test-method is-config="true" signature="before(java.lang.String)[pri:0, instance:Test.Bottomlinktest@2807bdeb]" started-at="2024-09-20T19:08:44 IST" name="before" finished-at="2024-09-20T19:08:45 IST" duration-ms="1509" status="PASS">
          <params>
            <param index="0">
              <value>
                <![CDATA[Chrome]]>
              </value>
            </param>
          </params>
          <reporter-output>
          </reporter-output>
        </test-method> <!-- before -->
        <test-method signature="bottommenu(java.lang.String,java.lang.String)[pri:5, instance:Test.Bottomlinktest@2807bdeb]" started-at="2024-09-20T19:08:45 IST" name="bottommenu" description="Bottom buttons in url test" data-provider="Readingdatasfromexcelsheet" finished-at="2024-09-20T19:08:52 IST" duration-ms="6922" status="PASS">
          <params>
            <param index="0">
              <value>
                <![CDATA[//a[normalize-space()='Limit Use of My Sensitive Personal Information']]]>
              </value>
            </param>
            <param index="1">
              <value>
                <![CDATA[Best Buy]]>
              </value>
            </param>
          </params>
          <reporter-output>
          </reporter-output>
        </test-method> <!-- bottommenu -->
        <test-method is-config="true" signature="after()[pri:0, instance:Test.Bottomlinktest@2807bdeb]" started-at="2024-09-20T19:08:52 IST" name="after" finished-at="2024-09-20T19:08:52 IST" duration-ms="156" status="PASS">
          <reporter-output>
          </reporter-output>
        </test-method> <!-- after -->
        <test-method is-config="true" signature="before(java.lang.String)[pri:0, instance:Test.Bottomlinktest@2807bdeb]" started-at="2024-09-20T19:08:52 IST" name="before" finished-at="2024-09-20T19:08:54 IST" duration-ms="1519" status="PASS">
          <params>
            <param index="0">
              <value>
                <![CDATA[Chrome]]>
              </value>
            </param>
          </params>
          <reporter-output>
          </reporter-output>
        </test-method> <!-- before -->
        <test-method signature="bottommenu(java.lang.String,java.lang.String)[pri:5, instance:Test.Bottomlinktest@2807bdeb]" started-at="2024-09-20T19:08:54 IST" name="bottommenu" description="Bottom buttons in url test" data-provider="Readingdatasfromexcelsheet" finished-at="2024-09-20T19:09:00 IST" duration-ms="6089" status="PASS">
          <params>
            <param index="0">
              <value>
                <![CDATA[//a[normalize-space()='Targeted Advertising Opt Out']]]>
              </value>
            </param>
            <param index="1">
              <value>
                <![CDATA[Start Request - Best Buy]]>
              </value>
            </param>
          </params>
          <reporter-output>
          </reporter-output>
        </test-method> <!-- bottommenu -->
        <test-method is-config="true" signature="after()[pri:0, instance:Test.Bottomlinktest@2807bdeb]" started-at="2024-09-20T19:09:00 IST" name="after" finished-at="2024-09-20T19:09:00 IST" duration-ms="152" status="PASS">
          <reporter-output>
          </reporter-output>
        </test-method> <!-- after -->
        <test-method is-config="true" signature="before(java.lang.String)[pri:0, instance:Test.Bottomlinktest@2807bdeb]" started-at="2024-09-20T19:09:00 IST" name="before" finished-at="2024-09-20T19:09:03 IST" duration-ms="2619" status="PASS">
          <params>
            <param index="0">
              <value>
                <![CDATA[Chrome]]>
              </value>
            </param>
          </params>
          <reporter-output>
          </reporter-output>
        </test-method> <!-- before -->
        <test-method signature="bottommenu(java.lang.String,java.lang.String)[pri:5, instance:Test.Bottomlinktest@2807bdeb]" started-at="2024-09-20T19:09:03 IST" name="bottommenu" description="Bottom buttons in url test" data-provider="Readingdatasfromexcelsheet" finished-at="2024-09-20T19:09:10 IST" duration-ms="7554" status="PASS">
          <params>
            <param index="0">
              <value>
                <![CDATA[//a[normalize-space()='CA Supply Chain Transparency Act']]]>
              </value>
            </param>
            <param index="1">
              <value>
                <![CDATA[California Supply Chain Transparency Act - Best Buy]]>
              </value>
            </param>
          </params>
          <reporter-output>
          </reporter-output>
        </test-method> <!-- bottommenu -->
        <test-method is-config="true" signature="after()[pri:0, instance:Test.Bottomlinktest@2807bdeb]" started-at="2024-09-20T19:09:10 IST" name="after" finished-at="2024-09-20T19:09:10 IST" duration-ms="147" status="PASS">
          <reporter-output>
          </reporter-output>
        </test-method> <!-- after -->
      </class> <!-- Test.Bottomlinktest -->
      <class name="Test.Searchbtncarttest">
        <test-method is-config="true" signature="before(java.lang.String)[pri:0, instance:Test.Searchbtncarttest@72c28d64]" started-at="2024-09-20T19:09:10 IST" name="before" finished-at="2024-09-20T19:09:12 IST" duration-ms="2151" status="PASS">
          <params>
            <param index="0">
              <value>
                <![CDATA[Chrome]]>
              </value>
            </param>
          </params>
          <reporter-output>
          </reporter-output>
        </test-method> <!-- before -->
        <test-method signature="addtocart()[pri:6, instance:Test.Searchbtncarttest@72c28d64]" started-at="2024-09-20T19:09:12 IST" name="addtocart" description="Searching items are added to cart" finished-at="2024-09-20T19:09:45 IST" duration-ms="32127" status="PASS">
          <reporter-output>
          </reporter-output>
        </test-method> <!-- addtocart -->
        <test-method is-config="true" signature="after()[pri:0, instance:Test.Searchbtncarttest@72c28d64]" started-at="2024-09-20T19:09:45 IST" name="after" finished-at="2024-09-20T19:09:45 IST" duration-ms="185" status="PASS">
          <reporter-output>
          </reporter-output>
        </test-method> <!-- after -->
      </class> <!-- Test.Searchbtncarttest -->
    </test> <!-- Test3 -->
    <test started-at="2024-09-20T19:09:45 IST" name="Test4" finished-at="2024-09-20T19:10:41 IST" duration-ms="55935">
      <class name="Test.Selectbybrandtest">
        <test-method is-config="true" signature="before(java.lang.String)[pri:0, instance:Test.Selectbybrandtest@3700ec9c]" started-at="2024-09-20T19:10:17 IST" name="before" finished-at="2024-09-20T19:10:19 IST" duration-ms="1234" status="PASS">
          <params>
            <param index="0">
              <value>
                <![CDATA[Chrome]]>
              </value>
            </param>
          </params>
          <reporter-output>
          </reporter-output>
        </test-method> <!-- before -->
        <test-method signature="brandproduvtselect()[pri:8, instance:Test.Selectbybrandtest@3700ec9c]" started-at="2024-09-20T19:10:19 IST" name="brandproduvtselect" description="Searching product by brand and adding them to cart" finished-at="2024-09-20T19:10:41 IST" duration-ms="22059" status="PASS">
          <reporter-output>
          </reporter-output>
        </test-method> <!-- brandproduvtselect -->
        <test-method is-config="true" signature="after()[pri:0, instance:Test.Selectbybrandtest@3700ec9c]" started-at="2024-09-20T19:10:41 IST" name="after" finished-at="2024-09-20T19:10:41 IST" duration-ms="174" status="PASS">
          <reporter-output>
          </reporter-output>
        </test-method> <!-- after -->
      </class> <!-- Test.Selectbybrandtest -->
      <class name="Test.Selectbydepartmenttest">
        <test-method is-config="true" signature="before(java.lang.String)[pri:0, instance:Test.Selectbydepartmenttest@51972dc7]" started-at="2024-09-20T19:09:45 IST" name="before" finished-at="2024-09-20T19:09:46 IST" duration-ms="1230" status="PASS">
          <params>
            <param index="0">
              <value>
                <![CDATA[Chrome]]>
              </value>
            </param>
          </params>
          <reporter-output>
          </reporter-output>
        </test-method> <!-- before -->
        <test-method signature="addtocart()[pri:7, instance:Test.Selectbydepartmenttest@51972dc7]" started-at="2024-09-20T19:09:46 IST" name="addtocart" description="Searching product through department and adding them to cart" finished-at="2024-09-20T19:10:17 IST" duration-ms="30998" status="PASS">
          <reporter-output>
          </reporter-output>
        </test-method> <!-- addtocart -->
        <test-method is-config="true" signature="after()[pri:0, instance:Test.Selectbydepartmenttest@51972dc7]" started-at="2024-09-20T19:10:17 IST" name="after" finished-at="2024-09-20T19:10:17 IST" duration-ms="236" status="PASS">
          <reporter-output>
          </reporter-output>
        </test-method> <!-- after -->
      </class> <!-- Test.Selectbydepartmenttest -->
    </test> <!-- Test4 -->
    <test started-at="2024-09-20T19:10:41 IST" name="Test5" finished-at="2024-09-20T19:11:25 IST" duration-ms="44025">
      <class name="Test.Checkouttest">
        <test-method is-config="true" signature="before(java.lang.String)[pri:0, instance:Test.Checkouttest@54c62d71]" started-at="2024-09-20T19:10:41 IST" name="before" finished-at="2024-09-20T19:10:43 IST" duration-ms="2300" status="PASS">
          <params>
            <param index="0">
              <value>
                <![CDATA[Chrome]]>
              </value>
            </param>
          </params>
          <reporter-output>
          </reporter-output>
        </test-method> <!-- before -->
        <test-method signature="checkout()[pri:8, instance:Test.Checkouttest@54c62d71]" started-at="2024-09-20T19:10:43 IST" name="checkout" description="Searching product through department and adding them to cart" finished-at="2024-09-20T19:11:25 IST" duration-ms="41724" status="PASS">
          <reporter-output>
          </reporter-output>
        </test-method> <!-- checkout -->
        <test-method is-config="true" signature="after()[pri:0, instance:Test.Checkouttest@54c62d71]" started-at="2024-09-20T19:11:25 IST" name="after" finished-at="2024-09-20T19:11:25 IST" duration-ms="0" status="PASS">
          <reporter-output>
          </reporter-output>
        </test-method> <!-- after -->
      </class> <!-- Test.Checkouttest -->
    </test> <!-- Test5 -->
  </suite> <!-- Suite -->
</testng-results>
